0 verbose cli /usr/local/nvm/versions/node/v16.4.0/bin/node /usr/local/nvm/versions/node/v16.4.0/bin/npm
1 info using npm@8.19.2
2 info using node@v16.4.0
3 timing npm:load:whichnode Completed in 0ms
4 timing config:load:defaults Completed in 2ms
5 timing config:load:file:/usr/local/nvm/versions/node/v16.4.0/lib/node_modules/npm/npmrc Completed in 1ms
6 timing config:load:builtin Completed in 1ms
7 timing config:load:cli Completed in 3ms
8 timing config:load:env Completed in 0ms
9 timing config:load:file:/home/user221/.cache/typescript/3.8/.npmrc Completed in 0ms
10 timing config:load:project Completed in 3ms
11 timing config:load:file:/home/user221/.npmrc Completed in 0ms
12 timing config:load:user Completed in 0ms
13 timing config:load:file:/usr/local/nvm/versions/node/v16.4.0/etc/npmrc Completed in 1ms
14 timing config:load:global Completed in 1ms
15 timing config:load:validate Completed in 0ms
16 timing config:load:credentials Completed in 1ms
17 timing config:load:setEnvs Completed in 1ms
18 timing config:load Completed in 12ms
19 timing npm:load:configload Completed in 12ms
20 timing npm:load:mkdirpcache Completed in 2ms
21 timing npm:load:mkdirplogs Completed in 1ms
22 verbose title npm install @types/accepts@ts3.8 @types/archy@ts3.8 @types/argparse@ts3.8 @types/asn1@ts3.8 @types/assert-plus@ts3.8 @types/aws4@ts3.8 @types/balanced-match@ts3.8 @types/brace-expansion@ts3.8 @types/braces@ts3.8 @types/bytes@ts3.8 @types/caniuse-lite@ts3.8 @types/caseless@ts3.8 @types/check-error@ts3.8 @types/color-convert@ts3.8 @types/color-name@ts3.8 @types/combined-stream@ts3.8 @types/commondir@ts3.8 @types/component-emitter@ts3.8 @types/concat-map@ts3.8 @types/content-disposition@ts3.8 @types/content-type@ts3.8 @types/convert-source-map@ts3.8 @types/cookie@ts3.8 @types/cookie-signature@ts3.8 @types/cookiejar@ts3.8 @types/cross-spawn@ts3.8 @types/dashdash@ts3.8 @types/debug@ts3.8 @types/deep-eql@ts3.8 @types/deep-equal@ts3.8 @types/define-properties@ts3.8 @types/depd@ts3.8 @types/destroy@ts3.8 @types/diff@ts3.8 @types/ee-first@ts3.8 @types/encodeurl@ts3.8 @types/escape-html@ts3.8 @types/esprima@ts3.8 @types/etag@ts3.8 @types/extend@ts3.8 @types/extsprintf@ts3.8 @types/fill-range@ts3.8 @types/finalhandler@ts3.8 @types/find-cache-dir@ts3.8 @types/flat@ts3.8 @types/forever-agent@ts3.8 @types/formidable@ts3.8 @types/forwarded@ts3.8 @types/fresh@ts3.8 @types/function-bind@ts3.8 @types/gensync@ts3.8 @types/get-func-name@ts3.8 @types/getpass@ts3.8 @types/glob@ts3.8 @types/glob-parent@ts3.8 @types/graceful-fs@ts3.8 @types/has@ts3.8 @types/he@ts3.8 @types/html-escaper@ts3.8 @types/http-errors@ts3.8 @types/imurmurhash@ts3.8 @types/inherits@ts3.8 @types/is-arguments@ts3.8 @types/is-date-object@ts3.8 @types/is-glob@ts3.8 @types/is-number@ts3.8 @types/is-regex@ts3.8 @types/is-typedarray@ts3.8 @types/is-windows@ts3.8 @types/isarray@ts3.8 @types/isexe@ts3.8 @types/isstream@ts3.8 @types/istanbul-lib-coverage@ts3.8 @types/istanbul-lib-hook@ts3.8 @types/istanbul-lib-instrument@ts3.8 @types/istanbul-lib-report@ts3.8 @types/istanbul-lib-source-maps@ts3.8 @types/istanbul-reports@ts3.8 @types/js-yaml@ts3.8 @types/jsbn@ts3.8 @types/jsesc@ts3.8 @types/json-schema@ts3.8 @types/json-stringify-safe@ts3.8 @types/lodash@ts3.8 @types/lodash.flattendeep@ts3.8 @types/media-typer@ts3.8 @types/merge-descriptors@ts3.8 @types/methods@ts3.8 @types/mime@ts3.8 @types/mime-db@ts3.8 @types/mime-types@ts3.8 @types/minimatch@ts3.8 @types/minimist@ts3.8 @types/mkdirp@ts3.8 @types/ms@ts3.8 @types/negotiator@ts3.8 @types/normalize-path@ts3.8 @types/object-keys@ts3.8 @types/on-finished@ts3.8 @types/once@ts3.8 @types/parseurl@ts3.8 @types/path-is-absolute@ts3.8 @types/pathval@ts3.8 @types/picomatch@ts3.8 @types/proxy-addr@ts3.8 @types/psl@ts3.8 @types/punycode@ts3.8 @types/qs@ts3.8 @types/randombytes@ts3.8 @types/range-parser@ts3.8 @types/readable-stream@ts3.8 @types/require-directory@ts3.8 @types/rimraf@ts3.8 @types/safer-buffer@ts3.8 @types/semver@ts3.8 @types/send@ts3.8 @types/serialize-javascript@ts3.8 @types/serve-static@ts3.8 @types/shebang-command@ts3.8 @types/signal-exit@ts3.8 @types/sprintf@ts3.8 @types/sprintf-js@ts3.8 @types/sshpk@ts3.8 @types/statuses@ts3.8 @types/superagent@ts3.8 @types/supports-color@ts3.8 @types/to-regex-range@ts3.8 @types/tough-cookie@ts3.8 @types/type-detect@ts3.8 @types/type-is@ts3.8 @types/typedarray-to-buffer@ts3.8 @types/uglify-js@ts3.8 @types/util-deprecate@ts3.8 @types/utils-merge@ts3.8 @types/uuid@ts3.8 @types/vary@ts3.8 @types/verror@ts3.8 @types/which@ts3.8 @types/wordwrap@ts3.8 @types/workerpool@ts3.8 @types/wrap-ansi@ts3.8 @types/write-file-atomic@ts3.8 @types/yargs@ts3.8 @types/yargs-parser@ts3.8 @types/yargs-unparser@ts3.8
23 verbose argv "install" "--ignore-scripts" "@types/accepts@ts3.8" "@types/archy@ts3.8" "@types/argparse@ts3.8" "@types/asn1@ts3.8" "@types/assert-plus@ts3.8" "@types/aws4@ts3.8" "@types/balanced-match@ts3.8" "@types/brace-expansion@ts3.8" "@types/braces@ts3.8" "@types/bytes@ts3.8" "@types/caniuse-lite@ts3.8" "@types/caseless@ts3.8" "@types/check-error@ts3.8" "@types/color-convert@ts3.8" "@types/color-name@ts3.8" "@types/combined-stream@ts3.8" "@types/commondir@ts3.8" "@types/component-emitter@ts3.8" "@types/concat-map@ts3.8" "@types/content-disposition@ts3.8" "@types/content-type@ts3.8" "@types/convert-source-map@ts3.8" "@types/cookie@ts3.8" "@types/cookie-signature@ts3.8" "@types/cookiejar@ts3.8" "@types/cross-spawn@ts3.8" "@types/dashdash@ts3.8" "@types/debug@ts3.8" "@types/deep-eql@ts3.8" "@types/deep-equal@ts3.8" "@types/define-properties@ts3.8" "@types/depd@ts3.8" "@types/destroy@ts3.8" "@types/diff@ts3.8" "@types/ee-first@ts3.8" "@types/encodeurl@ts3.8" "@types/escape-html@ts3.8" "@types/esprima@ts3.8" "@types/etag@ts3.8" "@types/extend@ts3.8" "@types/extsprintf@ts3.8" "@types/fill-range@ts3.8" "@types/finalhandler@ts3.8" "@types/find-cache-dir@ts3.8" "@types/flat@ts3.8" "@types/forever-agent@ts3.8" "@types/formidable@ts3.8" "@types/forwarded@ts3.8" "@types/fresh@ts3.8" "@types/function-bind@ts3.8" "@types/gensync@ts3.8" "@types/get-func-name@ts3.8" "@types/getpass@ts3.8" "@types/glob@ts3.8" "@types/glob-parent@ts3.8" "@types/graceful-fs@ts3.8" "@types/has@ts3.8" "@types/he@ts3.8" "@types/html-escaper@ts3.8" "@types/http-errors@ts3.8" "@types/imurmurhash@ts3.8" "@types/inherits@ts3.8" "@types/is-arguments@ts3.8" "@types/is-date-object@ts3.8" "@types/is-glob@ts3.8" "@types/is-number@ts3.8" "@types/is-regex@ts3.8" "@types/is-typedarray@ts3.8" "@types/is-windows@ts3.8" "@types/isarray@ts3.8" "@types/isexe@ts3.8" "@types/isstream@ts3.8" "@types/istanbul-lib-coverage@ts3.8" "@types/istanbul-lib-hook@ts3.8" "@types/istanbul-lib-instrument@ts3.8" "@types/istanbul-lib-report@ts3.8" "@types/istanbul-lib-source-maps@ts3.8" "@types/istanbul-reports@ts3.8" "@types/js-yaml@ts3.8" "@types/jsbn@ts3.8" "@types/jsesc@ts3.8" "@types/json-schema@ts3.8" "@types/json-stringify-safe@ts3.8" "@types/lodash@ts3.8" "@types/lodash.flattendeep@ts3.8" "@types/media-typer@ts3.8" "@types/merge-descriptors@ts3.8" "@types/methods@ts3.8" "@types/mime@ts3.8" "@types/mime-db@ts3.8" "@types/mime-types@ts3.8" "@types/minimatch@ts3.8" "@types/minimist@ts3.8" "@types/mkdirp@ts3.8" "@types/ms@ts3.8" "@types/negotiator@ts3.8" "@types/normalize-path@ts3.8" "@types/object-keys@ts3.8" "@types/on-finished@ts3.8" "@types/once@ts3.8" "@types/parseurl@ts3.8" "@types/path-is-absolute@ts3.8" "@types/pathval@ts3.8" "@types/picomatch@ts3.8" "@types/proxy-addr@ts3.8" "@types/psl@ts3.8" "@types/punycode@ts3.8" "@types/qs@ts3.8" "@types/randombytes@ts3.8" "@types/range-parser@ts3.8" "@types/readable-stream@ts3.8" "@types/require-directory@ts3.8" "@types/rimraf@ts3.8" "@types/safer-buffer@ts3.8" "@types/semver@ts3.8" "@types/send@ts3.8" "@types/serialize-javascript@ts3.8" "@types/serve-static@ts3.8" "@types/shebang-command@ts3.8" "@types/signal-exit@ts3.8" "@types/sprintf@ts3.8" "@types/sprintf-js@ts3.8" "@types/sshpk@ts3.8" "@types/statuses@ts3.8" "@types/superagent@ts3.8" "@types/supports-color@ts3.8" "@types/to-regex-range@ts3.8" "@types/tough-cookie@ts3.8" "@types/type-detect@ts3.8" "@types/type-is@ts3.8" "@types/typedarray-to-buffer@ts3.8" "@types/uglify-js@ts3.8" "@types/util-deprecate@ts3.8" "@types/utils-merge@ts3.8" "@types/uuid@ts3.8" "@types/vary@ts3.8" "@types/verror@ts3.8" "@types/which@ts3.8" "@types/wordwrap@ts3.8" "@types/workerpool@ts3.8" "@types/wrap-ansi@ts3.8" "@types/write-file-atomic@ts3.8" "@types/yargs@ts3.8" "@types/yargs-parser@ts3.8" "@types/yargs-unparser@ts3.8" "--save-dev" "--user-agent" "typesInstaller/3.8.3"
24 timing npm:load:setTitle Completed in 23ms
25 timing config:load:flatten Completed in 4ms
26 timing npm:load:display Completed in 5ms
27 verbose logfile logs-max:10 dir:/home/user221/.npm/_logs
28 verbose logfile /home/user221/.npm/_logs/2022-10-06T19_47_41_587Z-debug-0.log
29 timing npm:load:logFile Completed in 7ms
30 timing npm:load:timers Completed in 0ms
31 timing npm:load:configScope Completed in 0ms
32 timing npm:load Completed in 52ms
33 timing arborist:ctor Completed in 1ms
34 silly logfile start cleaning logs, removing 1 files
35 silly logfile done cleaning log files
36 timing idealTree:init Completed in 51ms
37 timing arborist:ctor Completed in 0ms
38 http fetch GET 200 https://registry.npmjs.org/@types%2fis-typedarray 514ms (cache miss)
39 http fetch GET 200 https://registry.npmjs.org/@types%2fisarray 521ms (cache miss)
40 http fetch GET 200 https://registry.npmjs.org/@types%2fee-first 563ms (cache miss)
41 http fetch GET 200 https://registry.npmjs.org/@types%2ffunction-bind 550ms (cache miss)
42 http fetch GET 200 https://registry.npmjs.org/@types%2fistanbul-lib-coverage 536ms (cache miss)
43 http fetch GET 200 https://registry.npmjs.org/@types%2fistanbul-lib-report 537ms (cache miss)
44 http fetch GET 200 https://registry.npmjs.org/@types%2fhtml-escaper 564ms (cache miss)
45 http fetch GET 200 https://registry.npmjs.org/@types%2fgetpass 569ms (cache miss)
46 http fetch GET 200 https://registry.npmjs.org/@types%2fis-arguments 556ms (cache miss)
47 http fetch GET 200 https://registry.npmjs.org/@types%2fis-regex 557ms (cache miss)
48 http fetch GET 200 https://registry.npmjs.org/@types%2fis-glob 560ms (cache miss)
49 http fetch GET 200 https://registry.npmjs.org/@types%2fis-number 561ms (cache miss)
50 http fetch GET 200 https://registry.npmjs.org/@types%2fisexe 648ms (cache miss)
51 http fetch GET 200 https://registry.npmjs.org/@types%2fistanbul-reports 651ms (cache miss)
52 http fetch GET 200 https://registry.npmjs.org/@types%2fistanbul-lib-instrument 670ms (cache miss)
53 http fetch GET 200 https://registry.npmjs.org/@types%2fglob-parent 694ms (cache miss)
54 http fetch GET 200 https://registry.npmjs.org/@types%2fjson-stringify-safe 672ms (cache miss)
55 http fetch GET 200 https://registry.npmjs.org/@types%2fisstream 681ms (cache miss)
56 http fetch GET 200 https://registry.npmjs.org/@types%2fmedia-typer 673ms (cache miss)
57 http fetch GET 200 https://registry.npmjs.org/@types%2fmerge-descriptors 688ms (cache miss)
58 http fetch GET 200 https://registry.npmjs.org/@types%2fjson-schema 703ms (cache miss)
59 http fetch GET 200 https://registry.npmjs.org/@types%2fjs-yaml 708ms (cache miss)
60 http fetch GET 200 https://registry.npmjs.org/@types%2fmethods 699ms (cache miss)
61 http fetch GET 200 https://registry.npmjs.org/@types%2fmime-db 701ms (cache miss)
62 http fetch GET 200 https://registry.npmjs.org/@types%2fmime-types 702ms (cache miss)
63 http fetch GET 200 https://registry.npmjs.org/@types%2fminimist 704ms (cache miss)
64 http fetch GET 200 https://registry.npmjs.org/@types%2fmkdirp 707ms (cache miss)
65 http fetch GET 200 https://registry.npmjs.org/@types%2fminimatch 710ms (cache miss)
66 http fetch GET 200 https://registry.npmjs.org/@types%2fnegotiator 709ms (cache miss)
67 http fetch GET 200 https://registry.npmjs.org/@types%2fms 710ms (cache miss)
68 http fetch GET 200 https://registry.npmjs.org/@types%2fon-finished 714ms (cache miss)
69 http fetch GET 200 https://registry.npmjs.org/@types%2fis-windows 804ms (cache miss)
70 http fetch GET 200 https://registry.npmjs.org/@types%2fjsbn 800ms (cache miss)
71 http fetch GET 200 https://registry.npmjs.org/@types%2fjsesc 814ms (cache miss)
72 http fetch GET 200 https://registry.npmjs.org/@types%2flodash.flattendeep 820ms (cache miss)
73 http fetch GET 200 https://registry.npmjs.org/@types%2fproxy-addr 820ms (cache miss)
74 http fetch GET 200 https://registry.npmjs.org/@types%2fparseurl 916ms (cache miss)
75 http fetch GET 200 https://registry.npmjs.org/@types%2fonce 935ms (cache miss)
76 http fetch GET 200 https://registry.npmjs.org/@types%2fobject-keys 957ms (cache miss)
77 http fetch GET 200 https://registry.npmjs.org/@types%2fpicomatch 976ms (cache miss)
78 http fetch GET 200 https://registry.npmjs.org/@types%2frimraf 987ms (cache miss)
79 http fetch GET 200 https://registry.npmjs.org/@types%2fis-date-object 1053ms (cache miss)
80 http fetch GET 200 https://registry.npmjs.org/@types%2fistanbul-lib-hook 1052ms (cache miss)
81 http fetch GET 200 https://registry.npmjs.org/@types%2frandombytes 1040ms (cache miss)
82 http fetch GET 200 https://registry.npmjs.org/@types%2fsend 1036ms (cache miss)
83 http fetch GET 200 https://registry.npmjs.org/@types%2fpsl 1084ms (cache miss)
84 http fetch GET 200 https://registry.npmjs.org/@types%2fpunycode 1091ms (cache miss)
85 http fetch GET 200 https://registry.npmjs.org/@types%2fesprima 1162ms (cache miss)
86 http fetch GET 200 https://registry.npmjs.org/@types%2fistanbul-lib-source-maps 1121ms (cache miss)
87 http fetch GET 200 https://registry.npmjs.org/@types%2fsprintf-js 1086ms (cache miss)
88 http fetch GET 200 https://registry.npmjs.org/@types%2fstatuses 1134ms (cache miss)
89 http fetch GET 200 https://registry.npmjs.org/@types%2fnormalize-path 1174ms (cache miss)
90 http fetch GET 200 https://registry.npmjs.org/@types%2frequire-directory 1194ms (cache miss)
91 http fetch GET 200 https://registry.npmjs.org/@types%2fpathval 1209ms (cache miss)
92 http fetch GET 200 https://registry.npmjs.org/@types%2ftype-is 1208ms (cache miss)
93 http fetch GET 200 https://registry.npmjs.org/@types%2fsafer-buffer 1231ms (cache miss)
94 http fetch GET 200 https://registry.npmjs.org/@types%2fpath-is-absolute 1258ms (cache miss)
95 http fetch GET 200 https://registry.npmjs.org/@types%2fsemver 1251ms (cache miss)
96 http fetch GET 200 https://registry.npmjs.org/@types%2fvary 1284ms (cache miss)
97 http fetch GET 200 https://registry.npmjs.org/@types%2fsshpk 1316ms (cache miss)
98 http fetch GET 200 https://registry.npmjs.org/@types%2fsignal-exit 1319ms (cache miss)
99 http fetch GET 200 https://registry.npmjs.org/@types%2fto-regex-range 1367ms (cache miss)
100 http fetch GET 200 https://registry.npmjs.org/@types%2fsprintf 1374ms (cache miss)
101 http fetch GET 200 https://registry.npmjs.org/@types%2freadable-stream 1384ms (cache miss)
102 http fetch GET 200 https://registry.npmjs.org/@types%2ftype-detect 1391ms (cache miss)
103 http fetch GET 200 https://registry.npmjs.org/@types%2fyargs 1428ms (cache miss)
104 http fetch GET 200 https://registry.npmjs.org/@types%2fuglify-js 1448ms (cache miss)
105 http fetch GET 200 https://registry.npmjs.org/@types%2ftypedarray-to-buffer 1469ms (cache miss)
106 timing idealTree Completed in 1631ms
107 timing command:install Completed in 1642ms
108 verbose type tag
109 verbose stack @types/typedarray-to-buffer: No matching version found for @types/typedarray-to-buffer@ts3.8.
109 verbose stack     at module.exports (/usr/local/nvm/versions/node/v16.4.0/lib/node_modules/npm/node_modules/npm-pick-manifest/lib/index.js:209:23)
109 verbose stack     at RegistryFetcher.manifest (/usr/local/nvm/versions/node/v16.4.0/lib/node_modules/npm/node_modules/pacote/lib/registry.js:125:22)
109 verbose stack     at async /usr/local/nvm/versions/node/v16.4.0/lib/node_modules/npm/node_modules/@npmcli/arborist/lib/arborist/build-ideal-tree.js:534:22
109 verbose stack     at async Promise.all (index 130)
109 verbose stack     at async Arborist.[add] (/usr/local/nvm/versions/node/v16.4.0/lib/node_modules/npm/node_modules/@npmcli/arborist/lib/arborist/build-ideal-tree.js:523:5)
109 verbose stack     at async Arborist.[applyUserRequestsToNode] (/usr/local/nvm/versions/node/v16.4.0/lib/node_modules/npm/node_modules/@npmcli/arborist/lib/arborist/build-ideal-tree.js:492:7)
109 verbose stack     at async Arborist.[applyUserRequests] (/usr/local/nvm/versions/node/v16.4.0/lib/node_modules/npm/node_modules/@npmcli/arborist/lib/arborist/build-ideal-tree.js:429:7)
109 verbose stack     at async Arborist.buildIdealTree (/usr/local/nvm/versions/node/v16.4.0/lib/node_modules/npm/node_modules/@npmcli/arborist/lib/arborist/build-ideal-tree.js:210:7)
109 verbose stack     at async Promise.all (index 1)
109 verbose stack     at async Arborist.reify (/usr/local/nvm/versions/node/v16.4.0/lib/node_modules/npm/node_modules/@npmcli/arborist/lib/arborist/reify.js:153:5)
110 verbose cwd /home/user221/.cache/typescript/3.8
111 verbose Linux 5.10.133+
112 verbose node v16.4.0
113 verbose npm  v8.19.2
114 error code ETARGET
115 error notarget No matching version found for @types/typedarray-to-buffer@ts3.8.
116 error notarget In most cases you or one of your dependencies are requesting
116 error notarget a package version that doesn't exist.
117 verbose exit 1
118 timing npm Completed in 1821ms
119 verbose unfinished npm timer reify 1665085661764
120 verbose unfinished npm timer reify:loadTrees 1665085661769
121 verbose unfinished npm timer idealTree:userRequests 1665085661821
122 verbose code 1
123 error A complete log of this run can be found in:
123 error     /home/user221/.npm/_logs/2022-10-06T19_47_41_587Z-debug-0.log
