0 verbose cli /usr/local/nvm/versions/node/v16.4.0/bin/node /usr/local/nvm/versions/node/v16.4.0/bin/npm
1 info using npm@8.19.2
2 info using node@v16.4.0
3 timing npm:load:whichnode Completed in 0ms
4 timing config:load:defaults Completed in 2ms
5 timing config:load:file:/usr/local/nvm/versions/node/v16.4.0/lib/node_modules/npm/npmrc Completed in 16ms
6 timing config:load:builtin Completed in 19ms
7 timing config:load:cli Completed in 4ms
8 timing config:load:env Completed in 0ms
9 timing config:load:file:/home/user221/.cache/typescript/3.8/.npmrc Completed in 0ms
10 timing config:load:project Completed in 5ms
11 timing config:load:file:/home/user221/.npmrc Completed in 0ms
12 timing config:load:user Completed in 0ms
13 timing config:load:file:/usr/local/nvm/versions/node/v16.4.0/etc/npmrc Completed in 1ms
14 timing config:load:global Completed in 1ms
15 timing config:load:validate Completed in 0ms
16 timing config:load:credentials Completed in 1ms
17 timing config:load:setEnvs Completed in 2ms
18 timing config:load Completed in 35ms
19 timing npm:load:configload Completed in 36ms
20 timing npm:load:mkdirpcache Completed in 3ms
21 timing npm:load:mkdirplogs Completed in 1ms
22 verbose title npm install types-registry@latest
23 verbose argv "install" "--ignore-scripts" "types-registry@latest"
24 timing npm:load:setTitle Completed in 2ms
25 timing config:load:flatten Completed in 5ms
26 timing npm:load:display Completed in 7ms
27 verbose logfile logs-max:10 dir:/home/user221/.npm/_logs
28 verbose logfile /home/user221/.npm/_logs/2022-10-05T21_28_23_984Z-debug-0.log
29 timing npm:load:logFile Completed in 8ms
30 timing npm:load:timers Completed in 1ms
31 timing npm:load:configScope Completed in 0ms
32 timing npm:load Completed in 58ms
33 timing arborist:ctor Completed in 1ms
34 silly logfile done cleaning log files
35 timing arborist:ctor Completed in 1ms
36 timing idealTree:init Completed in 25ms
37 http fetch GET 200 https://registry.npmjs.org/types-registry 236ms (cache miss)
38 timing idealTree:userRequests Completed in 256ms
39 silly idealTree buildDeps
40 silly fetch manifest types-registry@0.1.612
41 silly placeDep ROOT types-registry@0.1.612 OK for:  want: 0.1.612
42 timing idealTree:#root Completed in 11ms
43 timing idealTree:node_modules/types-registry Completed in 0ms
44 timing idealTree:buildDeps Completed in 13ms
45 timing idealTree:fixDepFlags Completed in 1ms
46 timing idealTree Completed in 297ms
47 timing reify:loadTrees Completed in 299ms
48 timing reify:diffTrees Completed in 2ms
49 silly reify moves {}
50 timing reify:retireShallow Completed in 10ms
51 timing reify:createSparse Completed in 2ms
52 timing reify:loadBundles Completed in 0ms
53 silly audit bulk request { 'types-registry': [ '0.1.612' ] }
54 silly tarball no local data for types-registry@https://registry.npmjs.org/types-registry/-/types-registry-0.1.612.tgz. Extracting by manifest.
55 http fetch POST 200 https://registry.npmjs.org/-/npm/v1/security/advisories/bulk 126ms
56 timing auditReport:getReport Completed in 129ms
57 silly audit report {}
58 timing auditReport:init Completed in 0ms
59 timing reify:audit Completed in 132ms
60 http fetch GET 200 https://registry.npmjs.org/types-registry/-/types-registry-0.1.612.tgz 190ms (cache miss)
61 timing reifyNode:node_modules/types-registry Completed in 209ms
62 timing reify:unpack Completed in 210ms
63 timing reify:unretire Completed in 0ms
64 timing build:queue Completed in 1ms
65 timing build:deps Completed in 1ms
66 timing build Completed in 1ms
67 timing reify:build Completed in 2ms
68 timing reify:trash Completed in 0ms
69 timing reify:save Completed in 11ms
70 timing reify Completed in 554ms
71 silly ADD node_modules/types-registry
72 timing command:install Completed in 563ms
73 verbose exit 0
74 timing npm Completed in 899ms
75 info ok
