0 verbose cli /usr/local/nvm/versions/node/v16.4.0/bin/node /usr/local/nvm/versions/node/v16.4.0/bin/npm
1 info using npm@8.19.2
2 info using node@v16.4.0
3 timing npm:load:whichnode Completed in 4ms
4 timing config:load:defaults Completed in 2ms
5 timing config:load:file:/usr/local/nvm/versions/node/v16.4.0/lib/node_modules/npm/npmrc Completed in 16ms
6 timing config:load:builtin Completed in 29ms
7 timing config:load:cli Completed in 13ms
8 timing config:load:env Completed in 1ms
9 timing config:load:file:/google/devshell/editor/theia/.npmrc Completed in 1ms
10 timing config:load:project Completed in 18ms
11 timing config:load:file:/home/user221/.npmrc Completed in 2ms
12 timing config:load:user Completed in 3ms
13 timing config:load:file:/usr/local/nvm/versions/node/v16.4.0/etc/npmrc Completed in 2ms
14 timing config:load:global Completed in 2ms
15 timing config:load:validate Completed in 0ms
16 timing config:load:credentials Completed in 1ms
17 timing config:load:setEnvs Completed in 1ms
18 timing config:load Completed in 73ms
19 timing npm:load:configload Completed in 74ms
20 timing npm:load:mkdirpcache Completed in 16ms
21 timing npm:load:mkdirplogs Completed in 9ms
22 verbose title npm config get prefix
23 verbose argv "config" "get" "prefix"
24 timing npm:load:setTitle Completed in 11ms
25 timing config:load:flatten Completed in 22ms
26 timing npm:load:display Completed in 30ms
27 verbose logfile logs-max:10 dir:/home/user221/.npm/_logs
28 verbose logfile /home/user221/.npm/_logs/2022-10-06T19_41_46_318Z-debug-0.log
29 timing npm:load:logFile Completed in 47ms
30 timing npm:load:timers Completed in 6ms
31 timing npm:load:configScope Completed in 0ms
32 timing npm:load Completed in 210ms
33 timing command:config Completed in 24ms
34 verbose exit 0
35 timing npm Completed in 294ms
36 info ok
