0 verbose cli /usr/local/nvm/versions/node/v16.4.0/bin/node /usr/local/nvm/versions/node/v16.4.0/bin/npm
1 info using npm@8.19.2
2 info using node@v16.4.0
3 timing npm:load:whichnode Completed in 0ms
4 timing config:load:defaults Completed in 2ms
5 timing config:load:file:/usr/local/nvm/versions/node/v16.4.0/lib/node_modules/npm/npmrc Completed in 1ms
6 timing config:load:builtin Completed in 1ms
7 timing config:load:cli Completed in 2ms
8 timing config:load:env Completed in 0ms
9 timing config:load:file:/home/user221/events-app/internal/.npmrc Completed in 0ms
10 timing config:load:project Completed in 12ms
11 timing config:load:file:/home/user221/.npmrc Completed in 1ms
12 timing config:load:user Completed in 1ms
13 timing config:load:file:/usr/local/nvm/versions/node/v16.4.0/etc/npmrc Completed in 0ms
14 timing config:load:global Completed in 0ms
15 timing config:load:validate Completed in 0ms
16 timing config:load:credentials Completed in 1ms
17 timing config:load:setEnvs Completed in 1ms
18 timing config:load Completed in 20ms
19 timing npm:load:configload Completed in 20ms
20 timing npm:load:mkdirpcache Completed in 4ms
21 timing npm:load:mkdirplogs Completed in 1ms
22 verbose title npm install
23 verbose argv "install"
24 timing npm:load:setTitle Completed in 2ms
25 timing config:load:flatten Completed in 3ms
26 timing npm:load:display Completed in 5ms
27 verbose logfile logs-max:10 dir:/home/user221/.npm/_logs
28 verbose logfile /home/user221/.npm/_logs/2022-10-06T16_33_05_125Z-debug-0.log
29 timing npm:load:logFile Completed in 6ms
30 timing npm:load:timers Completed in 0ms
31 timing npm:load:configScope Completed in 0ms
32 timing npm:load Completed in 38ms
33 timing arborist:ctor Completed in 5ms
34 silly logfile done cleaning log files
35 timing idealTree:init Completed in 314ms
36 timing idealTree:userRequests Completed in 0ms
37 silly idealTree buildDeps
38 timing idealTree:#root Completed in 0ms
39 timing idealTree:buildDeps Completed in 2ms
40 timing idealTree:fixDepFlags Completed in 0ms
41 timing idealTree Completed in 328ms
42 timing reify:loadTrees Completed in 339ms
43 timing reify:diffTrees Completed in 10ms
44 silly reify moves {}
45 timing reify:retireShallow Completed in 1ms
46 timing reify:createSparse Completed in 94ms
47 timing reify:loadBundles Completed in 0ms
48 silly audit bulk request {
48 silly audit   '@alloc/quick-lru': [ '5.2.0' ],
48 silly audit   '@ampproject/remapping': [ '2.1.2' ],
48 silly audit   '@babel/code-frame': [ '7.16.7' ],
48 silly audit   '@babel/compat-data': [ '7.17.0' ],
48 silly audit   '@babel/core': [ '7.17.5' ],
48 silly audit   debug: [ '4.3.3', '2.6.9', '3.2.6' ],
48 silly audit   ms: [ '2.1.2', '2.1.3', '2.0.0', '2.1.1' ],
48 silly audit   '@babel/generator': [ '7.17.3' ],
48 silly audit   '@babel/helper-compilation-targets': [ '7.16.7' ],
48 silly audit   '@babel/helper-environment-visitor': [ '7.16.7' ],
48 silly audit   '@babel/helper-function-name': [ '7.16.7' ],
48 silly audit   '@babel/helper-get-function-arity': [ '7.16.7' ],
48 silly audit   '@babel/helper-hoist-variables': [ '7.16.7' ],
48 silly audit   '@babel/helper-module-imports': [ '7.16.7' ],
48 silly audit   '@babel/helper-module-transforms': [ '7.17.6' ],
48 silly audit   '@babel/helper-simple-access': [ '7.16.7' ],
48 silly audit   '@babel/helper-split-export-declaration': [ '7.16.7' ],
48 silly audit   '@babel/helper-validator-identifier': [ '7.16.7' ],
48 silly audit   '@babel/helper-validator-option': [ '7.16.7' ],
48 silly audit   '@babel/helpers': [ '7.17.2' ],
48 silly audit   '@babel/highlight': [ '7.16.10' ],
48 silly audit   'ansi-styles': [ '3.2.1', '4.3.0' ],
48 silly audit   chalk: [ '2.4.2', '4.1.2' ],
48 silly audit   'color-convert': [ '1.9.3', '2.0.1' ],
48 silly audit   'color-name': [ '1.1.3', '1.1.4' ],
48 silly audit   'escape-string-regexp': [ '1.0.5', '4.0.0' ],
48 silly audit   'has-flag': [ '3.0.0', '4.0.0' ],
48 silly audit   'supports-color': [ '5.5.0', '7.2.0', '7.1.0', '8.1.1' ],
48 silly audit   '@babel/parser': [ '7.17.3' ],
48 silly audit   '@babel/template': [ '7.16.7' ],
48 silly audit   '@babel/traverse': [ '7.17.3' ],
48 silly audit   '@babel/types': [ '7.17.0' ],
48 silly audit   '@istanbuljs/load-nyc-config': [ '1.1.0' ],
48 silly audit   argparse: [ '1.0.10', '2.0.1' ],
48 silly audit   'find-up': [ '4.1.0', '5.0.0' ],
48 silly audit   'js-yaml': [ '3.14.1', '4.1.0' ],
48 silly audit   'locate-path': [ '5.0.0', '6.0.0' ],
48 silly audit   'p-limit': [ '2.3.0', '3.1.0' ],
48 silly audit   'p-locate': [ '4.1.0', '5.0.0' ],
48 silly audit   '@istanbuljs/schema': [ '0.1.3' ],
48 silly audit   '@jridgewell/resolve-uri': [ '3.0.5' ],
48 silly audit   '@jridgewell/sourcemap-codec': [ '1.4.11' ],
48 silly audit   '@jridgewell/trace-mapping': [ '0.3.4' ],
48 silly audit   '@sinonjs/commons': [ '1.7.2' ],
48 silly audit   '@sinonjs/fake-timers': [ '6.0.1' ],
48 silly audit   '@sinonjs/formatio': [ '5.0.1' ],
48 silly audit   '@sinonjs/samsam': [ '5.0.3' ],
48 silly audit   '@sinonjs/text-encoding': [ '0.7.1' ],
48 silly audit   '@types/geojson': [ '7946.0.8' ],
48 silly audit   '@types/node': [ '17.0.23' ],
48 silly audit   '@ungap/promise-all-settled': [ '1.1.2' ],
48 silly audit   accepts: [ '1.3.7' ],
48 silly audit   'aggregate-error': [ '3.1.0' ],
48 silly audit   'ansi-colors': [ '4.1.1' ],
48 silly audit   'ansi-regex': [ '5.0.1' ],
48 silly audit   anymatch: [ '3.1.2' ],
48 silly audit   'append-transform': [ '2.0.0' ],
48 silly audit   archy: [ '1.0.0' ],
48 silly audit   'array-flatten': [ '1.1.1' ],
48 silly audit   'assertion-error': [ '1.1.0' ],
48 silly audit   asynckit: [ '0.4.0' ],
48 silly audit   'balanced-match': [ '1.0.0' ],
48 silly audit   'binary-extensions': [ '2.2.0' ],
48 silly audit   'body-parser': [ '1.19.0' ],
48 silly audit   'brace-expansion': [ '1.1.11' ],
48 silly audit   braces: [ '3.0.2' ],
48 silly audit   'browser-stdout': [ '1.3.1' ],
48 silly audit   browserslist: [ '4.19.3' ],
48 silly audit   bytes: [ '3.1.0' ],
48 silly audit   'caching-transform': [ '4.0.0' ],
48 silly audit   camelcase: [ '5.3.1', '6.3.0' ],
48 silly audit   'caniuse-lite': [ '1.0.30001312' ],
48 silly audit   chai: [ '4.2.0' ],
48 silly audit   'check-error': [ '1.0.2' ],
48 silly audit   chokidar: [ '3.5.3' ],
48 silly audit   'clean-stack': [ '2.2.0' ],
48 silly audit   cliui: [ '7.0.4', '6.0.0' ],
48 silly audit   'combined-stream': [ '1.0.8' ],
48 silly audit   commondir: [ '1.0.1' ],
48 silly audit   'component-emitter': [ '1.3.0' ],
48 silly audit   'concat-map': [ '0.0.1' ],
48 silly audit   'content-disposition': [ '0.5.3' ],
48 silly audit   'content-type': [ '1.0.4' ],
48 silly audit   'convert-source-map': [ '1.8.0' ],
48 silly audit   cookie: [ '0.4.0' ],
48 silly audit   'cookie-signature': [ '1.0.6' ],
48 silly audit   cookiejar: [ '2.1.2' ],
48 silly audit   'core-util-is': [ '1.0.2' ],
48 silly audit   'cross-spawn': [ '7.0.3' ],
48 silly audit   decamelize: [ '1.2.0', '4.0.0' ],
48 silly audit   'deep-eql': [ '3.0.1' ],
48 silly audit   'default-require-extensions': [ '3.0.0' ],
48 silly audit   'delayed-stream': [ '1.0.0' ],
48 silly audit   denque: [ '2.0.1' ],
48 silly audit   depd: [ '1.1.2' ],
48 silly audit   destroy: [ '1.0.4' ],
48 silly audit   diff: [ '5.0.0', '4.0.2' ],
48 silly audit   'ee-first': [ '1.1.1' ],
48 silly audit   'electron-to-chromium': [ '1.4.75' ],
48 silly audit   'emoji-regex': [ '8.0.0' ],
48 silly audit   encodeurl: [ '1.0.2' ],
48 silly audit   'es6-error': [ '4.1.1' ],
48 silly audit   escalade: [ '3.1.1' ],
48 silly audit   'escape-html': [ '1.0.3' ],
48 silly audit   esprima: [ '4.0.1' ],
48 silly audit   etag: [ '1.8.1' ],
48 silly audit   express: [ '4.17.1' ],
48 silly audit   extend: [ '3.0.2' ],
48 silly audit   'fill-range': [ '7.0.1' ],
48 silly audit   finalhandler: [ '1.1.2' ],
48 silly audit   'find-cache-dir': [ '3.3.2' ],
48 silly audit   flat: [ '5.0.2' ],
48 silly audit   'foreground-child': [ '2.0.0' ],
48 silly audit   'form-data': [ '2.5.0' ],
48 silly audit   formidable: [ '1.2.1' ],
48 silly audit   forwarded: [ '0.1.2' ],
48 silly audit   fresh: [ '0.5.2' ],
48 silly audit   fromentries: [ '1.3.2' ],
48 silly audit   'fs.realpath': [ '1.0.0' ],
48 silly audit   fsevents: [ '2.3.2' ],
48 silly audit   gensync: [ '1.0.0-beta.2' ],
48 silly audit   'get-caller-file': [ '2.0.5' ],
48 silly audit   'get-func-name': [ '2.0.0' ],
48 silly audit   'get-package-type': [ '0.1.0' ],
48 silly audit   glob: [ '7.2.0' ],
48 silly audit   'glob-parent': [ '5.1.2' ],
48 silly audit   globals: [ '11.12.0' ],
48 silly audit   'graceful-fs': [ '4.2.9' ],
48 silly audit   growl: [ '1.10.5' ],
48 silly audit   hasha: [ '5.2.2' ],
48 silly audit   he: [ '1.2.0' ],
48 silly audit   'html-escaper': [ '2.0.2' ],
48 silly audit   'http-errors': [ '1.7.2' ],
48 silly audit   'iconv-lite': [ '0.4.24', '0.6.3' ],
48 silly audit   imurmurhash: [ '0.1.4' ],
48 silly audit   'indent-string': [ '4.0.0' ],
48 silly audit   inflight: [ '1.0.6' ],
48 silly audit   inherits: [ '2.0.3' ],
48 silly audit   'ipaddr.js': [ '1.9.0' ],
48 silly audit   'is-binary-path': [ '2.1.0' ],
48 silly audit   'is-extglob': [ '2.1.1' ],
48 silly audit   'is-fullwidth-code-point': [ '3.0.0' ],
48 silly audit   'is-glob': [ '4.0.3' ],
48 silly audit   'is-number': [ '7.0.0' ],
48 silly audit   'is-plain-obj': [ '2.1.0' ],
48 silly audit   'is-stream': [ '2.0.1' ],
48 silly audit   'is-typedarray': [ '1.0.0' ],
48 silly audit   'is-unicode-supported': [ '0.1.0' ],
48 silly audit   'is-windows': [ '1.0.2' ],
48 silly audit   isarray: [ '1.0.0', '0.0.1' ],
48 silly audit   isexe: [ '2.0.0' ],
48 silly audit   'istanbul-lib-coverage': [ '3.2.0' ],
48 silly audit   'istanbul-lib-hook': [ '3.0.0' ],
48 silly audit   'istanbul-lib-instrument': [ '4.0.3' ],
48 silly audit   'istanbul-lib-processinfo': [ '2.0.2' ],
48 silly audit   'istanbul-lib-report': [ '3.0.0' ],
48 silly audit   'istanbul-lib-source-maps': [ '4.0.1' ],
48 silly audit   'source-map': [ '0.6.1', '0.5.7' ],
48 silly audit   'istanbul-reports': [ '3.1.4' ],
48 silly audit   'js-tokens': [ '4.0.0' ],
48 silly audit   jsesc: [ '2.5.2' ],
48 silly audit   json5: [ '2.2.0' ],
48 silly audit   'just-extend': [ '4.1.0' ],
48 silly audit   'lodash.flattendeep': [ '4.4.0' ],
48 silly audit   'lodash.get': [ '4.4.2' ],
48 silly audit   'log-symbols': [ '4.1.0' ],
48 silly audit   'make-dir': [ '3.1.0' ],
48 silly audit   mariadb: [ '3.0.0' ],
48 silly audit   'media-typer': [ '0.3.0' ],
48 silly audit   'merge-descriptors': [ '1.0.1' ],
48 silly audit   methods: [ '1.1.2' ],
48 silly audit   mime: [ '1.6.0' ],
48 silly audit   'mime-db': [ '1.40.0' ],
48 silly audit   'mime-types': [ '2.1.24' ],
48 silly audit   minimatch: [ '3.0.4' ],
48 silly audit   minimist: [ '1.2.6' ],
48 silly audit   mocha: [ '9.2.1' ],
48 silly audit   moment: [ '2.29.2' ],
48 silly audit   'moment-timezone': [ '0.5.34' ],
48 silly audit   nanoid: [ '3.2.0' ],
48 silly audit   negotiator: [ '0.6.2' ],
48 silly audit   nise: [ '4.0.3' ],
48 silly audit   'path-to-regexp': [ '1.8.0', '0.1.7' ],
48 silly audit   'node-preload': [ '0.2.1' ],
48 silly audit   'node-releases': [ '2.0.2' ],
48 silly audit   'normalize-path': [ '3.0.0' ],
48 silly audit   nyc: [ '15.1.0' ],
48 silly audit   'wrap-ansi': [ '6.2.0', '7.0.0' ],
48 silly audit   y18n: [ '4.0.3', '5.0.8' ],
48 silly audit   yargs: [ '15.4.1', '16.2.0' ],
48 silly audit   'yargs-parser': [ '18.1.3', '20.2.4' ],
48 silly audit   'on-finished': [ '2.3.0' ],
48 silly audit   once: [ '1.4.0' ],
48 silly audit   'p-map': [ '3.0.0' ],
48 silly audit   'p-try': [ '2.2.0' ],
48 silly audit   'package-hash': [ '4.0.0' ],
48 silly audit   parseurl: [ '1.3.3' ],
48 silly audit   'path-exists': [ '4.0.0' ],
48 silly audit   'path-is-absolute': [ '1.0.1' ],
48 silly audit   'path-key': [ '3.1.1' ],
48 silly audit   pathval: [ '1.1.1' ],
48 silly audit   picocolors: [ '1.0.0' ],
48 silly audit   picomatch: [ '2.3.1' ],
48 silly audit   'pkg-dir': [ '4.2.0' ],
48 silly audit   'please-upgrade-node': [ '3.2.0' ],
48 silly audit   'process-nextick-args': [ '2.0.1' ],
48 silly audit   'process-on-spawn': [ '1.0.0' ],
48 silly audit   'proxy-addr': [ '2.0.5' ],
48 silly audit   qs: [ '6.7.0' ],
48 silly audit   randombytes: [ '2.1.0' ],
48 silly audit   'range-parser': [ '1.2.1' ],
48 silly audit   'raw-body': [ '2.4.0' ],
48 silly audit   'readable-stream': [ '2.3.7' ],
48 silly audit   readdirp: [ '3.6.0' ],
48 silly audit   'release-zalgo': [ '1.0.0' ],
48 silly audit   'require-directory': [ '2.1.1' ],
48 silly audit   'require-main-filename': [ '2.0.0' ],
48 silly audit   'resolve-from': [ '5.0.0' ],
48 silly audit   rimraf: [ '3.0.2' ],
48 silly audit   'safe-buffer': [ '5.1.2' ],
48 silly audit   'safer-buffer': [ '2.1.2' ],
48 silly audit   semver: [ '6.3.0' ],
48 silly audit   'semver-compare': [ '1.0.0' ],
48 silly audit   send: [ '0.17.1' ],
48 silly audit   'serialize-javascript': [ '6.0.0' ],
48 silly audit   'serve-static': [ '1.14.1' ],
48 silly audit   'set-blocking': [ '2.0.0' ],
48 silly audit   setprototypeof: [ '1.1.1' ],
48 silly audit   'shebang-command': [ '2.0.0' ],
48 silly audit   'shebang-regex': [ '3.0.0' ],
48 silly audit   'signal-exit': [ '3.0.7' ],
48 silly audit   sinon: [ '9.0.2' ],
48 silly audit   'spawn-wrap': [ '2.0.0' ],
48 silly audit   'sprintf-js': [ '1.0.3' ],
48 silly audit   statuses: [ '1.5.0' ],
48 silly audit   string_decoder: [ '1.1.1' ],
48 silly audit   'string-width': [ '4.2.3' ],
48 silly audit   'strip-ansi': [ '6.0.1' ],
48 silly audit   'strip-bom': [ '4.0.0' ],
48 silly audit   'strip-json-comments': [ '3.1.1' ],
48 silly audit   superagent: [ '3.8.3' ],
48 silly audit   supertest: [ '4.0.2' ],
48 silly audit   'test-exclude': [ '6.0.0' ],
48 silly audit   'to-fast-properties': [ '2.0.0' ],
48 silly audit   'to-regex-range': [ '5.0.1' ],
48 silly audit   toidentifier: [ '1.0.0' ],
48 silly audit   'type-detect': [ '4.0.8' ],
48 silly audit   'type-fest': [ '0.8.1' ],
48 silly audit   'type-is': [ '1.6.18' ],
48 silly audit   'typedarray-to-buffer': [ '3.1.5' ],
48 silly audit   unpipe: [ '1.0.0' ],
48 silly audit   'util-deprecate': [ '1.0.2' ],
48 silly audit   'utils-merge': [ '1.0.1' ],
48 silly audit   uuid: [ '3.4.0' ],
48 silly audit   vary: [ '1.1.2' ],
48 silly audit   which: [ '2.0.2' ],
48 silly audit   'which-module': [ '2.0.0' ],
48 silly audit   workerpool: [ '6.2.0' ],
48 silly audit   wrappy: [ '1.0.2' ],
48 silly audit   'write-file-atomic': [ '3.0.3' ],
48 silly audit   'yargs-unparser': [ '2.0.0' ],
48 silly audit   'yocto-queue': [ '0.1.0' ]
48 silly audit }
49 verbose reify failed optional dependency /home/user221/events-app/internal/node_modules/fsevents
50 silly reify mark deleted [ '/home/user221/events-app/internal/node_modules/fsevents' ]
51 timing reifyNode:node_modules/fsevents Completed in 122ms
52 http fetch POST 200 https://registry.npmjs.org/-/npm/v1/security/advisories/bulk 1314ms
53 timing auditReport:getReport Completed in 1323ms
54 silly audit report {
54 silly audit report   'moment-timezone': [
54 silly audit report     {
54 silly audit report       id: 1084253,
54 silly audit report       url: 'https://github.com/advisories/GHSA-56x4-j7p9-fcf9',
54 silly audit report       title: 'Command Injection in moment-timezone',
54 silly audit report       severity: 'low',
54 silly audit report       vulnerable_versions: '>=0.1.0 <0.5.35',
54 silly audit report       cwe: [],
54 silly audit report       cvss: [Object]
54 silly audit report     },
54 silly audit report     {
54 silly audit report       id: 1084254,
54 silly audit report       url: 'https://github.com/advisories/GHSA-v78c-4p63-2j6c',
54 silly audit report       title: 'Cleartext Transmission of Sensitive Information in moment-timezone',
54 silly audit report       severity: 'moderate',
54 silly audit report       vulnerable_versions: '>=0.1.0 <0.5.35',
54 silly audit report       cwe: [Array],
54 silly audit report       cvss: [Object]
54 silly audit report     }
54 silly audit report   ],
54 silly audit report   moment: [
54 silly audit report     {
54 silly audit report       id: 1084429,
54 silly audit report       url: 'https://github.com/advisories/GHSA-wc69-rhjr-hc9g',
54 silly audit report       title: 'Moment.js vulnerable to Inefficient Regular Expression Complexity',
54 silly audit report       severity: 'high',
54 silly audit report       vulnerable_versions: '>=2.18.0 <2.29.4',
54 silly audit report       cwe: [Array],
54 silly audit report       cvss: [Object]
54 silly audit report     }
54 silly audit report   ]
54 silly audit report }
55 timing reifyNode:node_modules/wrappy Completed in 1877ms
56 timing reifyNode:node_modules/wrap-ansi Completed in 1877ms
57 timing reifyNode:node_modules/toidentifier Completed in 1877ms
58 timing reifyNode:node_modules/to-fast-properties Completed in 1876ms
59 timing reifyNode:node_modules/shebang-command Completed in 1879ms
60 timing reifyNode:node_modules/process-nextick-args Completed in 1886ms
61 timing reifyNode:node_modules/path-is-absolute Completed in 1885ms
62 timing reifyNode:node_modules/package-hash Completed in 1886ms
63 timing reifyNode:node_modules/once Completed in 1885ms
64 timing reifyNode:node_modules/normalize-path Completed in 1882ms
65 timing reifyNode:node_modules/ms Completed in 1882ms
66 timing reifyNode:node_modules/lodash.flattendeep Completed in 1881ms
67 timing reifyNode:node_modules/just-extend Completed in 1880ms
68 timing reifyNode:node_modules/is-windows Completed in 1880ms
69 timing reifyNode:node_modules/is-number Completed in 1881ms
70 timing reifyNode:node_modules/is-extglob Completed in 1881ms
71 timing reifyNode:node_modules/inflight Completed in 1882ms
72 timing reifyNode:node_modules/imurmurhash Completed in 1881ms
73 timing reifyNode:node_modules/find-cache-dir Completed in 1877ms
74 timing reifyNode:node_modules/escape-html Completed in 1877ms
75 timing reifyNode:node_modules/ee-first Completed in 1881ms
76 timing reifyNode:node_modules/destroy Completed in 1882ms
77 timing reifyNode:node_modules/decamelize Completed in 1885ms
78 timing reifyNode:node_modules/convert-source-map Completed in 1887ms
79 timing reifyNode:node_modules/color-name Completed in 1888ms
80 timing reifyNode:node_modules/caching-transform Completed in 1889ms
81 timing reifyNode:node_modules/browser-stdout Completed in 1890ms
82 timing reifyNode:node_modules/brace-expansion Completed in 1891ms
83 timing reifyNode:node_modules/array-flatten Completed in 1892ms
84 timing reifyNode:node_modules/@types/geojson Completed in 1895ms
85 timing reifyNode:node_modules/superagent/node_modules/ms Completed in 1947ms
86 timing reifyNode:node_modules/send/node_modules/ms Completed in 1944ms
87 timing reifyNode:node_modules/nyc/node_modules/wrap-ansi Completed in 1937ms
88 timing reifyNode:node_modules/mocha/node_modules/ms Completed in 1933ms
89 timing reifyNode:node_modules/mocha/node_modules/debug/node_modules/ms Completed in 1934ms
90 timing reifyNode:node_modules/istanbul-lib-source-maps/node_modules/ms Completed in 1928ms
91 timing reifyNode:node_modules/@babel/traverse/node_modules/ms Completed in 1913ms
92 timing reifyNode:node_modules/@babel/highlight/node_modules/has-flag Completed in 1913ms
93 timing reifyNode:node_modules/@babel/highlight/node_modules/escape-string-regexp Completed in 1914ms
94 timing reifyNode:node_modules/@babel/highlight/node_modules/ansi-styles Completed in 1915ms
95 timing reifyNode:node_modules/@babel/core/node_modules/ms Completed in 1914ms
96 timing reifyNode:node_modules/yocto-queue Completed in 1962ms
97 timing reifyNode:node_modules/which-module Completed in 1961ms
98 timing reifyNode:node_modules/vary Completed in 1962ms
99 timing reifyNode:node_modules/utils-merge Completed in 1962ms
100 timing reifyNode:node_modules/unpipe Completed in 1962ms
101 timing reifyNode:node_modules/type-is Completed in 1962ms
102 timing reifyNode:node_modules/to-regex-range Completed in 1961ms
103 timing reifyNode:node_modules/supports-color Completed in 1962ms
104 timing reifyNode:node_modules/strip-json-comments Completed in 1961ms
105 timing reifyNode:node_modules/strip-bom Completed in 1961ms
106 timing reifyNode:node_modules/strip-ansi Completed in 1961ms
107 timing reifyNode:node_modules/string-width Completed in 1962ms
108 timing reifyNode:node_modules/signal-exit Completed in 1962ms
109 timing reifyNode:node_modules/shebang-regex Completed in 1962ms
110 timing reifyNode:node_modules/set-blocking Completed in 1962ms
111 timing reifyNode:node_modules/serialize-javascript Completed in 1963ms
112 timing reifyNode:node_modules/resolve-from Completed in 1973ms
113 timing reifyNode:node_modules/require-main-filename Completed in 1973ms
114 timing reifyNode:node_modules/range-parser Completed in 1973ms
115 timing reifyNode:node_modules/process-on-spawn Completed in 1973ms
116 timing reifyNode:node_modules/pkg-dir Completed in 1974ms
117 timing reifyNode:node_modules/path-to-regexp Completed in 1973ms
118 timing reifyNode:node_modules/path-key Completed in 1973ms
119 timing reifyNode:node_modules/path-exists Completed in 1973ms
120 timing reifyNode:node_modules/parseurl Completed in 1973ms
121 timing reifyNode:node_modules/p-try Completed in 1973ms
122 timing reifyNode:node_modules/p-map Completed in 1973ms
123 timing reifyNode:node_modules/p-locate Completed in 1973ms
124 timing reifyNode:node_modules/p-limit Completed in 1974ms
125 timing reifyNode:node_modules/on-finished Completed in 1974ms
126 timing reifyNode:node_modules/mime-types Completed in 1969ms
127 timing reifyNode:node_modules/methods Completed in 1970ms
128 timing reifyNode:node_modules/merge-descriptors Completed in 1969ms
129 timing reifyNode:node_modules/media-typer Completed in 1969ms
130 timing reifyNode:node_modules/make-dir Completed in 1970ms
131 timing reifyNode:node_modules/lodash.get Completed in 1969ms
132 timing reifyNode:node_modules/locate-path Completed in 1970ms
133 timing reifyNode:node_modules/is-unicode-supported Completed in 1968ms
134 timing reifyNode:node_modules/is-typedarray Completed in 1968ms
135 timing reifyNode:node_modules/is-stream Completed in 1968ms
136 timing reifyNode:node_modules/is-plain-obj Completed in 1968ms
137 timing reifyNode:node_modules/is-glob Completed in 1968ms
138 timing reifyNode:node_modules/is-fullwidth-code-point Completed in 1969ms
139 timing reifyNode:node_modules/is-binary-path Completed in 1969ms
140 timing reifyNode:node_modules/inherits Completed in 1970ms
141 timing reifyNode:node_modules/indent-string Completed in 1969ms
142 timing reifyNode:node_modules/has-flag Completed in 1966ms
143 timing reifyNode:node_modules/glob-parent Completed in 1967ms
144 timing reifyNode:node_modules/get-func-name Completed in 1967ms
145 timing reifyNode:node_modules/fromentries Completed in 1968ms
146 timing reifyNode:node_modules/fresh Completed in 1968ms
147 timing reifyNode:node_modules/forwarded Completed in 1969ms
148 timing reifyNode:node_modules/find-up Completed in 1969ms
149 timing reifyNode:node_modules/finalhandler Completed in 1969ms
150 timing reifyNode:node_modules/fill-range Completed in 1970ms
151 timing reifyNode:node_modules/etag Completed in 1970ms
152 timing reifyNode:node_modules/escape-string-regexp Completed in 1971ms
153 timing reifyNode:node_modules/encodeurl Completed in 1970ms
154 timing reifyNode:node_modules/default-require-extensions Completed in 1972ms
155 timing reifyNode:node_modules/cookiejar Completed in 1998ms
156 timing reifyNode:node_modules/cookie-signature Completed in 2001ms
157 timing reifyNode:node_modules/content-type Completed in 2001ms
158 timing reifyNode:node_modules/component-emitter Completed in 2001ms
159 timing reifyNode:node_modules/clean-stack Completed in 2005ms
160 timing reifyNode:node_modules/camelcase Completed in 2005ms
161 timing reifyNode:node_modules/bytes Completed in 2006ms
162 timing reifyNode:node_modules/balanced-match Completed in 2006ms
163 timing reifyNode:node_modules/assertion-error Completed in 2007ms
164 timing reifyNode:node_modules/append-transform Completed in 2007ms
165 timing reifyNode:node_modules/anymatch Completed in 2008ms
166 timing reifyNode:node_modules/ansi-regex Completed in 2008ms
167 timing reifyNode:node_modules/aggregate-error Completed in 2008ms
168 timing reifyNode:node_modules/accepts Completed in 2009ms
169 timing reifyNode:node_modules/@babel/highlight Completed in 2008ms
170 timing reifyNode:node_modules/@babel/helper-split-export-declaration Completed in 2008ms
171 timing reifyNode:node_modules/@babel/helper-simple-access Completed in 2008ms
172 timing reifyNode:node_modules/@babel/helper-hoist-variables Completed in 2009ms
173 timing reifyNode:node_modules/@babel/helper-get-function-arity Completed in 2010ms
174 timing reifyNode:node_modules/@babel/helper-function-name Completed in 2010ms
175 timing reifyNode:node_modules/@babel/helper-environment-visitor Completed in 2010ms
176 timing reifyNode:node_modules/@babel/code-frame Completed in 2030ms
177 timing reifyNode:node_modules/yargs-unparser/node_modules/decamelize Completed in 2079ms
178 timing reifyNode:node_modules/yargs-unparser/node_modules/camelcase Completed in 2079ms
179 timing reifyNode:node_modules/sinon/node_modules/supports-color Completed in 2072ms
180 timing reifyNode:node_modules/pkg-dir/node_modules/p-locate Completed in 2068ms
181 timing reifyNode:node_modules/pkg-dir/node_modules/p-limit Completed in 2067ms
182 timing reifyNode:node_modules/pkg-dir/node_modules/locate-path Completed in 2068ms
183 timing reifyNode:node_modules/pkg-dir/node_modules/find-up Completed in 2068ms
184 timing reifyNode:node_modules/nyc/node_modules/y18n Completed in 2066ms
185 timing reifyNode:node_modules/nyc/node_modules/p-locate Completed in 2065ms
186 timing reifyNode:node_modules/nyc/node_modules/p-limit Completed in 2065ms
187 timing reifyNode:node_modules/nyc/node_modules/locate-path Completed in 2064ms
188 timing reifyNode:node_modules/nyc/node_modules/find-up Completed in 2077ms
189 timing reifyNode:node_modules/istanbul-lib-report/node_modules/supports-color Completed in 2068ms
190 timing reifyNode:node_modules/chalk/node_modules/supports-color Completed in 2057ms
191 timing reifyNode:node_modules/@istanbuljs/load-nyc-config/node_modules/p-limit Completed in 2053ms
192 timing reifyNode:node_modules/@istanbuljs/load-nyc-config/node_modules/locate-path Completed in 2053ms
193 timing reifyNode:node_modules/@istanbuljs/load-nyc-config/node_modules/p-locate Completed in 2054ms
194 timing reifyNode:node_modules/@istanbuljs/load-nyc-config/node_modules/find-up Completed in 2054ms
195 timing reifyNode:node_modules/@babel/highlight/node_modules/supports-color Completed in 2055ms
196 timing reifyNode:node_modules/yargs-unparser Completed in 2102ms
197 timing reifyNode:node_modules/write-file-atomic Completed in 2101ms
198 timing reifyNode:node_modules/util-deprecate Completed in 2102ms
199 timing reifyNode:node_modules/proxy-addr Completed in 2099ms
200 timing reifyNode:node_modules/pathval Completed in 2098ms
201 timing reifyNode:node_modules/minimatch Completed in 2091ms
202 timing reifyNode:node_modules/log-symbols Completed in 2089ms
203 timing reifyNode:node_modules/js-tokens Completed in 2087ms
204 timing reifyNode:node_modules/http-errors Completed in 2088ms
205 timing reifyNode:node_modules/get-caller-file Completed in 2085ms
206 timing reifyNode:node_modules/fs.realpath Completed in 2086ms
207 timing reifyNode:node_modules/foreground-child Completed in 2087ms
208 timing reifyNode:node_modules/combined-stream Completed in 2109ms
209 timing reifyNode:node_modules/ansi-styles Completed in 2110ms
210 timing reifyNode:node_modules/@sinonjs/formatio Completed in 2110ms
211 timing reifyNode:node_modules/@alloc/quick-lru Completed in 2113ms
212 timing reifyNode:node_modules/cookie Completed in 2122ms
213 timing reifyNode:node_modules/@istanbuljs/load-nyc-config Completed in 2118ms
214 timing reifyNode:node_modules/nise/node_modules/isarray Completed in 2143ms
215 timing reifyNode:node_modules/which Completed in 2164ms
216 timing reifyNode:node_modules/supertest Completed in 2161ms
217 timing reifyNode:node_modules/string_decoder Completed in 2161ms
218 timing reifyNode:node_modules/setprototypeof Completed in 2160ms
219 timing reifyNode:node_modules/serve-static Completed in 2160ms
220 timing reifyNode:node_modules/safe-buffer Completed in 2160ms
221 timing reifyNode:node_modules/readdirp Completed in 2160ms
222 timing reifyNode:node_modules/picocolors Completed in 2158ms
223 timing reifyNode:node_modules/istanbul-lib-processinfo Completed in 2147ms
224 timing reifyNode:node_modules/hasha Completed in 2144ms
225 timing reifyNode:node_modules/globals Completed in 2144ms
226 timing reifyNode:node_modules/delayed-stream Completed in 2146ms
227 timing reifyNode:node_modules/content-disposition Completed in 2147ms
228 timing reifyNode:node_modules/check-error Completed in 2147ms
229 timing reifyNode:node_modules/binary-extensions Completed in 2147ms
230 timing reifyNode:node_modules/@babel/helper-validator-option Completed in 2146ms
231 timing metavuln:cache:get:security-advisory:moment-timezone:xgIIK9a6p++H2BBkK/X/yh1VIeLSVriaB+EiZd95y+zPdQ2yRsQLM4mVWFCRE0JMsujeHAXeIS0LNKSc71DlYw== Completed in 882ms
232 timing metavuln:cache:get:security-advisory:moment-timezone:1Kv0o2LTVcP3BPzSjgyG34QAmxaGQGBeuKzGDrllGX9StWpvs/x1ed3JjiGcfIccIeG5V2SS5XlISxA55ymv4A== Completed in 882ms
233 timing metavuln:cache:get:security-advisory:moment:g7mYl6E70Gg32hECV4GTIttDJN5qqVIy3JlgohJhchLU1sFSwC2+bAUq350K8uXDwvySsrInTKPE67M4Nf/2lA== Completed in 881ms
234 timing reifyNode:node_modules/@istanbuljs/schema Completed in 2152ms
235 timing reifyNode:node_modules/nyc/node_modules/cliui Completed in 2179ms
236 timing reifyNode:node_modules/@babel/highlight/node_modules/color-name Completed in 2153ms
237 timing reifyNode:node_modules/typedarray-to-buffer Completed in 2198ms
238 timing reifyNode:node_modules/type-detect Completed in 2198ms
239 timing reifyNode:node_modules/send Completed in 2194ms
240 timing reifyNode:node_modules/rimraf Completed in 2194ms
241 timing reifyNode:node_modules/require-directory Completed in 2194ms
242 timing reifyNode:node_modules/raw-body Completed in 2193ms
243 timing reifyNode:node_modules/randombytes Completed in 2194ms
244 timing reifyNode:node_modules/please-upgrade-node Completed in 2193ms
245 timing reifyNode:node_modules/isarray Completed in 2181ms
246 timing reifyNode:node_modules/denque Completed in 2174ms
247 timing reifyNode:node_modules/commondir Completed in 2172ms
248 timing reifyNode:node_modules/statuses Completed in 2223ms
249 timing reifyNode:node_modules/get-package-type Completed in 2219ms
250 timing reifyNode:node_modules/deep-eql Completed in 2218ms
251 timing reifyNode:node_modules/core-util-is Completed in 2219ms
252 timing reifyNode:node_modules/concat-map Completed in 2219ms
253 timing reifyNode:node_modules/color-convert Completed in 2218ms
254 timing reifyNode:node_modules/ansi-colors Completed in 2218ms
255 timing reifyNode:node_modules/@babel/helper-validator-identifier Completed in 2218ms
256 timing reifyNode:node_modules/istanbul-lib-hook Completed in 2241ms
257 timing reifyNode:node_modules/nise/node_modules/path-to-regexp Completed in 2251ms
258 timing reifyNode:node_modules/mocha/node_modules/debug Completed in 2250ms
259 timing reifyNode:node_modules/istanbul-lib-source-maps/node_modules/debug Completed in 2244ms
260 timing reifyNode:node_modules/@babel/traverse/node_modules/debug Completed in 2228ms
261 timing reifyNode:node_modules/@babel/highlight/node_modules/color-convert Completed in 2229ms
262 timing reifyNode:node_modules/@babel/core/node_modules/debug Completed in 2228ms
263 timing reifyNode:node_modules/test-exclude Completed in 2272ms
264 timing reifyNode:node_modules/semver-compare Completed in 2268ms
265 timing reifyNode:node_modules/safer-buffer Completed in 2268ms
266 timing reifyNode:node_modules/release-zalgo Completed in 2268ms
267 timing reifyNode:node_modules/isexe Completed in 2255ms
268 timing reifyNode:node_modules/graceful-fs Completed in 2257ms
269 timing reifyNode:node_modules/flat Completed in 2255ms
270 timing reifyNode:node_modules/extend Completed in 2256ms
271 timing reifyNode:node_modules/es6-error Completed in 2256ms
272 timing reifyNode:node_modules/@ungap/promise-all-settled Completed in 2253ms
273 timing reifyNode:node_modules/@babel/helper-module-imports Completed in 2253ms
274 timing reifyNode:node_modules/@babel/highlight/node_modules/chalk Completed in 2260ms
275 timing reifyNode:node_modules/negotiator Completed in 2291ms
276 timing reifyNode:node_modules/ipaddr.js Completed in 2300ms
277 timing reifyNode:node_modules/glob Completed in 2298ms
278 timing reifyNode:node_modules/gensync Completed in 2298ms
279 timing reifyNode:node_modules/form-data Completed in 2299ms
280 timing reifyNode:node_modules/escalade Completed in 2298ms
281 timing reifyNode:node_modules/chalk Completed in 2298ms
282 timing reifyNode:node_modules/node-releases Completed in 2344ms
283 timing reifyNode:node_modules/jsesc Completed in 2339ms
284 timing reifyNode:node_modules/emoji-regex Completed in 2329ms
285 timing reifyNode:node_modules/cross-spawn Completed in 2329ms
286 timing reifyNode:node_modules/archy Completed in 2327ms
287 timing reifyNode:node_modules/@babel/helper-compilation-targets Completed in 2325ms
288 timing reifyNode:node_modules/semver Completed in 2371ms
289 timing reifyNode:node_modules/node-preload Completed in 2362ms
290 timing reifyNode:node_modules/@babel/helper-module-transforms Completed in 2345ms
291 timing reifyNode:node_modules/nyc/node_modules/yargs-parser Completed in 2377ms
292 timing reifyNode:node_modules/y18n Completed in 2395ms
293 timing reifyNode:node_modules/cliui Completed in 2362ms
294 timing reifyNode:node_modules/@jridgewell/sourcemap-codec Completed in 2362ms
295 timing reifyNode:node_modules/@babel/template Completed in 2361ms
296 timing reifyNode:node_modules/@jridgewell/resolve-uri Completed in 2362ms
297 timing reifyNode:node_modules/mime Completed in 2388ms
298 timing reifyNode:node_modules/istanbul-lib-coverage Completed in 2383ms
299 timing reifyNode:node_modules/html-escaper Completed in 2382ms
300 timing reifyNode:node_modules/istanbul-lib-source-maps Completed in 2399ms
301 timing reifyNode:node_modules/istanbul-lib-report Completed in 2400ms
302 timing reifyNode:node_modules/he Completed in 2394ms
303 timing reifyNode:node_modules/growl Completed in 2394ms
304 timing reifyNode:node_modules/braces Completed in 2394ms
305 timing reifyNode:node_modules/@sinonjs/fake-timers Completed in 2394ms
306 timing reifyNode:node_modules/superagent/node_modules/debug Completed in 2436ms
307 timing reifyNode:node_modules/istanbul-lib-instrument Completed in 2421ms
308 timing reifyNode:node_modules/browserslist Completed in 2409ms
309 timing reifyNode:node_modules/@jridgewell/trace-mapping Completed in 2409ms
310 timing reifyNode:node_modules/picomatch Completed in 2462ms
311 timing reifyNode:node_modules/mime-db Completed in 2455ms
312 timing reifyNode:node_modules/depd Completed in 2447ms
313 timing reifyNode:node_modules/chokidar Completed in 2446ms
314 timing reifyNode:node_modules/body-parser Completed in 2448ms
315 timing reifyNode:node_modules/argparse Completed in 2456ms
316 timing reifyNode:node_modules/yargs-parser Completed in 2505ms
317 timing reifyNode:node_modules/@babel/compat-data Completed in 2524ms
318 timing reifyNode:node_modules/asynckit Completed in 2544ms
319 timing reifyNode:node_modules/debug Completed in 2561ms
320 timing reifyNode:node_modules/@ampproject/remapping Completed in 2600ms
321 timing reifyNode:node_modules/spawn-wrap Completed in 2643ms
322 warn deprecated uuid@3.4.0: Please upgrade  to version 7 or higher.  Older versions may use Math.random() in certain circumstances, which is known to be problematic.  See https://v8.dev/blog/math-random for details.
323 timing reifyNode:node_modules/uuid Completed in 2670ms
324 timing reifyNode:node_modules/sprintf-js Completed in 2665ms
325 timing reifyNode:node_modules/formidable Completed in 2644ms
326 timing reifyNode:node_modules/electron-to-chromium Completed in 2643ms
327 timing reifyNode:node_modules/type-fest Completed in 2695ms
328 timing reifyNode:node_modules/minimist Completed in 2689ms
329 timing reifyNode:node_modules/@babel/helpers Completed in 2671ms
330 timing reifyNode:node_modules/esprima Completed in 2697ms
331 http fetch GET 200 https://registry.npmjs.org/moment-timezone 1434ms (cache revalidated)
332 timing metavuln:packument:moment-timezone Completed in 1436ms
333 timing metavuln:load:security-advisory:moment-timezone:1084253 Completed in 3ms
334 timing metavuln:calculate:security-advisory:moment-timezone:1084253 Completed in 1440ms
335 timing metavuln:load:security-advisory:moment-timezone:1084254 Completed in 2ms
336 timing metavuln:calculate:security-advisory:moment-timezone:1084254 Completed in 1440ms
337 timing reifyNode:node_modules/nanoid Completed in 2757ms
338 timing reifyNode:node_modules/qs Completed in 2777ms
339 http fetch GET 200 https://registry.npmjs.org/moment 1476ms (cache revalidated)
340 timing metavuln:packument:moment Completed in 1478ms
341 timing metavuln:load:security-advisory:moment:1084429 Completed in 0ms
342 timing metavuln:calculate:security-advisory:moment:1084429 Completed in 1480ms
343 timing reifyNode:node_modules/express Completed in 2769ms
344 timing reifyNode:node_modules/readable-stream Completed in 2811ms
345 timing reifyNode:node_modules/nyc Completed in 2806ms
346 timing reifyNode:node_modules/@babel/generator Completed in 2783ms
347 timing reifyNode:node_modules/json5 Completed in 2826ms
348 timing metavuln:cache:get:security-advisory:mariadb:myKsCZFCbil/sYG3xa0jeorMIZzIzZNqk73UYvzZgV8cd7GEc4dgjtkS+vVlC6fUiIPWAfC4O1XRK0waYQ98mQ== Completed in 63ms
349 timing reifyNode:node_modules/@istanbuljs/load-nyc-config/node_modules/argparse Completed in 2832ms
350 timing reifyNode:node_modules/iconv-lite Completed in 2854ms
351 timing reifyNode:node_modules/@sinonjs/text-encoding Completed in 2843ms
352 timing reifyNode:node_modules/@sinonjs/samsam Completed in 2851ms
353 timing reifyNode:node_modules/@sinonjs/commons Completed in 2860ms
354 timing reifyNode:node_modules/workerpool Completed in 2904ms
355 timing reifyNode:node_modules/superagent Completed in 2976ms
356 timing reifyNode:node_modules/@babel/traverse Completed in 2943ms
357 timing reifyNode:node_modules/sinon/node_modules/diff Completed in 2986ms
358 timing reifyNode:node_modules/js-yaml Completed in 2968ms
359 timing reifyNode:node_modules/diff Completed in 2957ms
360 timing reifyNode:node_modules/mariadb/node_modules/iconv-lite Completed in 2991ms
361 timing reifyNode:node_modules/source-map Completed in 3009ms
362 timing reifyNode:node_modules/istanbul-lib-source-maps/node_modules/source-map Completed in 3017ms
363 timing reifyNode:node_modules/@istanbuljs/load-nyc-config/node_modules/js-yaml Completed in 3039ms
364 timing reifyNode:node_modules/nise Completed in 3079ms
365 timing reifyNode:node_modules/nyc/node_modules/yargs Completed in 3113ms
366 http fetch GET 200 https://registry.npmjs.org/mariadb 342ms (cache revalidated)
367 timing metavuln:packument:mariadb Completed in 343ms
368 timing metavuln:load:security-advisory:mariadb:xgIIK9a6p++H2BBkK/X/yh1VIeLSVriaB+EiZd95y+zPdQ2yRsQLM4mVWFCRE0JMsujeHAXeIS0LNKSc71DlYw== Completed in 0ms
369 timing metavuln:calculate:security-advisory:mariadb:xgIIK9a6p++H2BBkK/X/yh1VIeLSVriaB+EiZd95y+zPdQ2yRsQLM4mVWFCRE0JMsujeHAXeIS0LNKSc71DlYw== Completed in 345ms
370 timing reifyNode:node_modules/yargs Completed in 3160ms
371 timing metavuln:cache:get:security-advisory:moment-timezone:8oogYPI0dbUWf3/XXb1j7fRr3V51W6MsnAvfYik3uZqoIA8zuns7ab+6glir6B3aCBGBzdgcKNZVAQGyZoARcw== Completed in 33ms
372 timing metavuln:load:security-advisory:moment-timezone:g7mYl6E70Gg32hECV4GTIttDJN5qqVIy3JlgohJhchLU1sFSwC2+bAUq350K8uXDwvySsrInTKPE67M4Nf/2lA== Completed in 1ms
373 timing metavuln:calculate:security-advisory:moment-timezone:g7mYl6E70Gg32hECV4GTIttDJN5qqVIy3JlgohJhchLU1sFSwC2+bAUq350K8uXDwvySsrInTKPE67M4Nf/2lA== Completed in 34ms
374 timing auditReport:init Completed in 1865ms
375 timing reify:audit Completed in 3189ms
376 timing reifyNode:node_modules/chai Completed in 3155ms
377 timing reifyNode:node_modules/moment-timezone Completed in 3180ms
378 timing reifyNode:node_modules/@babel/parser Completed in 3169ms
379 timing reifyNode:node_modules/istanbul-reports Completed in 3223ms
380 timing reifyNode:node_modules/@babel/core Completed in 3207ms
381 timing reifyNode:node_modules/mariadb Completed in 3255ms
382 timing reifyNode:node_modules/@types/node Completed in 3283ms
383 timing reifyNode:node_modules/@babel/types Completed in 3344ms
384 timing reifyNode:node_modules/mocha Completed in 3463ms
385 timing reifyNode:node_modules/sinon Completed in 3568ms
386 timing reifyNode:node_modules/moment Completed in 3912ms
387 timing reifyNode:node_modules/caniuse-lite Completed in 3936ms
388 timing reify:unpack Completed in 3978ms
389 timing reify:unretire Completed in 1ms
390 timing build:queue Completed in 14ms
391 timing build:link:node_modules/@babel/parser Completed in 20ms
392 timing build:link:node_modules/@istanbuljs/load-nyc-config/node_modules/js-yaml Completed in 18ms
393 timing build:link:node_modules/browserslist Completed in 23ms
394 timing build:link:node_modules/esprima Completed in 22ms
395 timing build:link:node_modules/flat Completed in 22ms
396 timing build:link:node_modules/he Completed in 34ms
397 timing build:link:node_modules/js-yaml Completed in 35ms
398 timing build:link:node_modules/jsesc Completed in 35ms
399 timing build:link:node_modules/json5 Completed in 34ms
400 timing build:link:node_modules/mime Completed in 34ms
401 timing build:link:node_modules/mocha Completed in 34ms
402 timing build:link:node_modules/nanoid Completed in 33ms
403 timing build:link:node_modules/nyc Completed in 33ms
404 timing build:link:node_modules/rimraf Completed in 32ms
405 timing build:link:node_modules/which Completed in 33ms
406 timing build:link:node_modules/uuid Completed in 33ms
407 timing build:link:node_modules/semver Completed in 33ms
408 timing build:link Completed in 38ms
409 timing build:deps Completed in 54ms
410 timing build Completed in 54ms
411 timing reify:build Completed in 57ms
412 timing reify:trash Completed in 1ms
413 timing reify:save Completed in 242ms
414 timing reify Completed in 4839ms
415 silly ADD node_modules/yocto-queue
416 silly ADD node_modules/yargs-unparser
417 silly ADD node_modules/yargs-unparser/node_modules/decamelize
418 silly ADD node_modules/yargs-unparser/node_modules/camelcase
419 silly ADD node_modules/yargs-parser
420 silly ADD node_modules/yargs
421 silly ADD node_modules/y18n
422 silly ADD node_modules/write-file-atomic
423 silly ADD node_modules/wrappy
424 silly ADD node_modules/wrap-ansi
425 silly ADD node_modules/workerpool
426 silly ADD node_modules/which-module
427 silly ADD node_modules/which
428 silly ADD node_modules/vary
429 silly ADD node_modules/uuid
430 silly ADD node_modules/utils-merge
431 silly ADD node_modules/util-deprecate
432 silly ADD node_modules/unpipe
433 silly ADD node_modules/typedarray-to-buffer
434 silly ADD node_modules/type-is
435 silly ADD node_modules/type-fest
436 silly ADD node_modules/type-detect
437 silly ADD node_modules/toidentifier
438 silly ADD node_modules/to-regex-range
439 silly ADD node_modules/to-fast-properties
440 silly ADD node_modules/test-exclude
441 silly ADD node_modules/supports-color
442 silly ADD node_modules/supertest
443 silly ADD node_modules/superagent
444 silly ADD node_modules/superagent/node_modules/ms
445 silly ADD node_modules/superagent/node_modules/debug
446 silly ADD node_modules/strip-json-comments
447 silly ADD node_modules/strip-bom
448 silly ADD node_modules/strip-ansi
449 silly ADD node_modules/string-width
450 silly ADD node_modules/string_decoder
451 silly ADD node_modules/statuses
452 silly ADD node_modules/sprintf-js
453 silly ADD node_modules/spawn-wrap
454 silly ADD node_modules/source-map
455 silly ADD node_modules/sinon
456 silly ADD node_modules/sinon/node_modules/supports-color
457 silly ADD node_modules/sinon/node_modules/diff
458 silly ADD node_modules/signal-exit
459 silly ADD node_modules/shebang-regex
460 silly ADD node_modules/shebang-command
461 silly ADD node_modules/setprototypeof
462 silly ADD node_modules/set-blocking
463 silly ADD node_modules/serve-static
464 silly ADD node_modules/serialize-javascript
465 silly ADD node_modules/send
466 silly ADD node_modules/send/node_modules/ms
467 silly ADD node_modules/semver-compare
468 silly ADD node_modules/semver
469 silly ADD node_modules/safer-buffer
470 silly ADD node_modules/safe-buffer
471 silly ADD node_modules/rimraf
472 silly ADD node_modules/resolve-from
473 silly ADD node_modules/require-main-filename
474 silly ADD node_modules/require-directory
475 silly ADD node_modules/release-zalgo
476 silly ADD node_modules/readdirp
477 silly ADD node_modules/readable-stream
478 silly ADD node_modules/raw-body
479 silly ADD node_modules/range-parser
480 silly ADD node_modules/randombytes
481 silly ADD node_modules/qs
482 silly ADD node_modules/proxy-addr
483 silly ADD node_modules/process-on-spawn
484 silly ADD node_modules/process-nextick-args
485 silly ADD node_modules/please-upgrade-node
486 silly ADD node_modules/pkg-dir
487 silly ADD node_modules/pkg-dir/node_modules/p-locate
488 silly ADD node_modules/pkg-dir/node_modules/p-limit
489 silly ADD node_modules/pkg-dir/node_modules/locate-path
490 silly ADD node_modules/pkg-dir/node_modules/find-up
491 silly ADD node_modules/picomatch
492 silly ADD node_modules/picocolors
493 silly ADD node_modules/pathval
494 silly ADD node_modules/path-to-regexp
495 silly ADD node_modules/path-key
496 silly ADD node_modules/path-is-absolute
497 silly ADD node_modules/path-exists
498 silly ADD node_modules/parseurl
499 silly ADD node_modules/package-hash
500 silly ADD node_modules/p-try
501 silly ADD node_modules/p-map
502 silly ADD node_modules/p-locate
503 silly ADD node_modules/p-limit
504 silly ADD node_modules/once
505 silly ADD node_modules/on-finished
506 silly ADD node_modules/nyc
507 silly ADD node_modules/nyc/node_modules/yargs-parser
508 silly ADD node_modules/nyc/node_modules/yargs
509 silly ADD node_modules/nyc/node_modules/y18n
510 silly ADD node_modules/nyc/node_modules/wrap-ansi
511 silly ADD node_modules/nyc/node_modules/p-locate
512 silly ADD node_modules/nyc/node_modules/p-limit
513 silly ADD node_modules/nyc/node_modules/locate-path
514 silly ADD node_modules/nyc/node_modules/find-up
515 silly ADD node_modules/nyc/node_modules/cliui
516 silly ADD node_modules/normalize-path
517 silly ADD node_modules/node-releases
518 silly ADD node_modules/node-preload
519 silly ADD node_modules/nise
520 silly ADD node_modules/nise/node_modules/path-to-regexp
521 silly ADD node_modules/nise/node_modules/isarray
522 silly ADD node_modules/negotiator
523 silly ADD node_modules/nanoid
524 silly ADD node_modules/ms
525 silly ADD node_modules/moment-timezone
526 silly ADD node_modules/moment
527 silly ADD node_modules/mocha
528 silly ADD node_modules/mocha/node_modules/ms
529 silly ADD node_modules/mocha/node_modules/debug
530 silly ADD node_modules/mocha/node_modules/debug/node_modules/ms
531 silly ADD node_modules/minimist
532 silly ADD node_modules/minimatch
533 silly ADD node_modules/mime-types
534 silly ADD node_modules/mime-db
535 silly ADD node_modules/mime
536 silly ADD node_modules/methods
537 silly ADD node_modules/merge-descriptors
538 silly ADD node_modules/media-typer
539 silly ADD node_modules/mariadb
540 silly ADD node_modules/mariadb/node_modules/iconv-lite
541 silly ADD node_modules/make-dir
542 silly ADD node_modules/log-symbols
543 silly ADD node_modules/lodash.get
544 silly ADD node_modules/lodash.flattendeep
545 silly ADD node_modules/locate-path
546 silly ADD node_modules/just-extend
547 silly ADD node_modules/json5
548 silly ADD node_modules/jsesc
549 silly ADD node_modules/js-yaml
550 silly ADD node_modules/js-tokens
551 silly ADD node_modules/istanbul-reports
552 silly ADD node_modules/istanbul-lib-source-maps
553 silly ADD node_modules/istanbul-lib-source-maps/node_modules/source-map
554 silly ADD node_modules/istanbul-lib-source-maps/node_modules/ms
555 silly ADD node_modules/istanbul-lib-source-maps/node_modules/debug
556 silly ADD node_modules/istanbul-lib-report
557 silly ADD node_modules/istanbul-lib-report/node_modules/supports-color
558 silly ADD node_modules/istanbul-lib-processinfo
559 silly ADD node_modules/istanbul-lib-instrument
560 silly ADD node_modules/istanbul-lib-hook
561 silly ADD node_modules/istanbul-lib-coverage
562 silly ADD node_modules/isexe
563 silly ADD node_modules/isarray
564 silly ADD node_modules/is-windows
565 silly ADD node_modules/is-unicode-supported
566 silly ADD node_modules/is-typedarray
567 silly ADD node_modules/is-stream
568 silly ADD node_modules/is-plain-obj
569 silly ADD node_modules/is-number
570 silly ADD node_modules/is-glob
571 silly ADD node_modules/is-fullwidth-code-point
572 silly ADD node_modules/is-extglob
573 silly ADD node_modules/is-binary-path
574 silly ADD node_modules/ipaddr.js
575 silly ADD node_modules/inherits
576 silly ADD node_modules/inflight
577 silly ADD node_modules/indent-string
578 silly ADD node_modules/imurmurhash
579 silly ADD node_modules/iconv-lite
580 silly ADD node_modules/http-errors
581 silly ADD node_modules/html-escaper
582 silly ADD node_modules/he
583 silly ADD node_modules/hasha
584 silly ADD node_modules/has-flag
585 silly ADD node_modules/growl
586 silly ADD node_modules/graceful-fs
587 silly ADD node_modules/globals
588 silly ADD node_modules/glob-parent
589 silly ADD node_modules/glob
590 silly ADD node_modules/get-package-type
591 silly ADD node_modules/get-func-name
592 silly ADD node_modules/get-caller-file
593 silly ADD node_modules/gensync
594 silly ADD
595 silly ADD node_modules/fs.realpath
596 silly ADD node_modules/fromentries
597 silly ADD node_modules/fresh
598 silly ADD node_modules/forwarded
599 silly ADD node_modules/formidable
600 silly ADD node_modules/form-data
601 silly ADD node_modules/foreground-child
602 silly ADD node_modules/flat
603 silly ADD node_modules/find-up
604 silly ADD node_modules/find-cache-dir
605 silly ADD node_modules/finalhandler
606 silly ADD node_modules/fill-range
607 silly ADD node_modules/extend
608 silly ADD node_modules/express
609 silly ADD node_modules/etag
610 silly ADD node_modules/esprima
611 silly ADD node_modules/escape-string-regexp
612 silly ADD node_modules/escape-html
613 silly ADD node_modules/escalade
614 silly ADD node_modules/es6-error
615 silly ADD node_modules/encodeurl
616 silly ADD node_modules/emoji-regex
617 silly ADD node_modules/electron-to-chromium
618 silly ADD node_modules/ee-first
619 silly ADD node_modules/diff
620 silly ADD node_modules/destroy
621 silly ADD node_modules/depd
622 silly ADD node_modules/denque
623 silly ADD node_modules/delayed-stream
624 silly ADD node_modules/default-require-extensions
625 silly ADD node_modules/deep-eql
626 silly ADD node_modules/decamelize
627 silly ADD node_modules/debug
628 silly ADD node_modules/cross-spawn
629 silly ADD node_modules/core-util-is
630 silly ADD node_modules/cookiejar
631 silly ADD node_modules/cookie-signature
632 silly ADD node_modules/cookie
633 silly ADD node_modules/convert-source-map
634 silly ADD node_modules/content-type
635 silly ADD node_modules/content-disposition
636 silly ADD node_modules/concat-map
637 silly ADD node_modules/component-emitter
638 silly ADD node_modules/commondir
639 silly ADD node_modules/combined-stream
640 silly ADD node_modules/color-name
641 silly ADD node_modules/color-convert
642 silly ADD node_modules/cliui
643 silly ADD node_modules/clean-stack
644 silly ADD node_modules/chokidar
645 silly ADD node_modules/check-error
646 silly ADD node_modules/chalk
647 silly ADD node_modules/chalk/node_modules/supports-color
648 silly ADD node_modules/chai
649 silly ADD node_modules/caniuse-lite
650 silly ADD node_modules/camelcase
651 silly ADD node_modules/caching-transform
652 silly ADD node_modules/bytes
653 silly ADD node_modules/browserslist
654 silly ADD node_modules/browser-stdout
655 silly ADD node_modules/braces
656 silly ADD node_modules/brace-expansion
657 silly ADD node_modules/body-parser
658 silly ADD node_modules/binary-extensions
659 silly ADD node_modules/balanced-match
660 silly ADD node_modules/asynckit
661 silly ADD node_modules/assertion-error
662 silly ADD node_modules/array-flatten
663 silly ADD node_modules/argparse
664 silly ADD node_modules/archy
665 silly ADD node_modules/append-transform
666 silly ADD node_modules/anymatch
667 silly ADD node_modules/ansi-styles
668 silly ADD node_modules/ansi-regex
669 silly ADD node_modules/ansi-colors
670 silly ADD node_modules/aggregate-error
671 silly ADD node_modules/accepts
672 silly ADD node_modules/@ungap/promise-all-settled
673 silly ADD node_modules/@types/node
674 silly ADD node_modules/@types/geojson
675 silly ADD node_modules/@sinonjs/text-encoding
676 silly ADD node_modules/@sinonjs/samsam
677 silly ADD node_modules/@sinonjs/formatio
678 silly ADD node_modules/@sinonjs/fake-timers
679 silly ADD node_modules/@sinonjs/commons
680 silly ADD node_modules/@jridgewell/trace-mapping
681 silly ADD node_modules/@jridgewell/sourcemap-codec
682 silly ADD node_modules/@jridgewell/resolve-uri
683 silly ADD node_modules/@istanbuljs/schema
684 silly ADD node_modules/@istanbuljs/load-nyc-config
685 silly ADD node_modules/@istanbuljs/load-nyc-config/node_modules/p-locate
686 silly ADD node_modules/@istanbuljs/load-nyc-config/node_modules/p-limit
687 silly ADD node_modules/@istanbuljs/load-nyc-config/node_modules/locate-path
688 silly ADD node_modules/@istanbuljs/load-nyc-config/node_modules/js-yaml
689 silly ADD node_modules/@istanbuljs/load-nyc-config/node_modules/find-up
690 silly ADD node_modules/@istanbuljs/load-nyc-config/node_modules/argparse
691 silly ADD node_modules/@babel/types
692 silly ADD node_modules/@babel/traverse
693 silly ADD node_modules/@babel/traverse/node_modules/ms
694 silly ADD node_modules/@babel/traverse/node_modules/debug
695 silly ADD node_modules/@babel/template
696 silly ADD node_modules/@babel/parser
697 silly ADD node_modules/@babel/highlight
698 silly ADD node_modules/@babel/highlight/node_modules/supports-color
699 silly ADD node_modules/@babel/highlight/node_modules/has-flag
700 silly ADD node_modules/@babel/highlight/node_modules/escape-string-regexp
701 silly ADD node_modules/@babel/highlight/node_modules/color-name
702 silly ADD node_modules/@babel/highlight/node_modules/color-convert
703 silly ADD node_modules/@babel/highlight/node_modules/chalk
704 silly ADD node_modules/@babel/highlight/node_modules/ansi-styles
705 silly ADD node_modules/@babel/helpers
706 silly ADD node_modules/@babel/helper-validator-option
707 silly ADD node_modules/@babel/helper-validator-identifier
708 silly ADD node_modules/@babel/helper-split-export-declaration
709 silly ADD node_modules/@babel/helper-simple-access
710 silly ADD node_modules/@babel/helper-module-transforms
711 silly ADD node_modules/@babel/helper-module-imports
712 silly ADD node_modules/@babel/helper-hoist-variables
713 silly ADD node_modules/@babel/helper-get-function-arity
714 silly ADD node_modules/@babel/helper-function-name
715 silly ADD node_modules/@babel/helper-environment-visitor
716 silly ADD node_modules/@babel/helper-compilation-targets
717 silly ADD node_modules/@babel/generator
718 silly ADD node_modules/@babel/core
719 silly ADD node_modules/@babel/core/node_modules/ms
720 silly ADD node_modules/@babel/core/node_modules/debug
721 silly ADD node_modules/@babel/compat-data
722 silly ADD node_modules/@babel/code-frame
723 silly ADD node_modules/@ampproject/remapping
724 silly ADD node_modules/@alloc/quick-lru
725 timing command:install Completed in 4899ms
726 verbose exit 0
727 timing npm Completed in 5101ms
728 info ok
