0 verbose cli /usr/local/nvm/versions/node/v16.4.0/bin/node /usr/local/nvm/versions/node/v16.4.0/bin/npm
1 info using npm@8.19.2
2 info using node@v16.4.0
3 timing npm:load:whichnode Completed in 0ms
4 timing config:load:defaults Completed in 2ms
5 timing config:load:file:/usr/local/nvm/versions/node/v16.4.0/lib/node_modules/npm/npmrc Completed in 1ms
6 timing config:load:builtin Completed in 1ms
7 timing config:load:cli Completed in 2ms
8 timing config:load:env Completed in 1ms
9 timing config:load:file:/home/user221/.cache/typescript/3.8/.npmrc Completed in 0ms
10 timing config:load:project Completed in 3ms
11 timing config:load:file:/home/user221/.npmrc Completed in 0ms
12 timing config:load:user Completed in 0ms
13 timing config:load:file:/usr/local/nvm/versions/node/v16.4.0/etc/npmrc Completed in 0ms
14 timing config:load:global Completed in 0ms
15 timing config:load:validate Completed in 1ms
16 timing config:load:credentials Completed in 0ms
17 timing config:load:setEnvs Completed in 1ms
18 timing config:load Completed in 11ms
19 timing npm:load:configload Completed in 11ms
20 timing npm:load:mkdirpcache Completed in 1ms
21 timing npm:load:mkdirplogs Completed in 1ms
22 verbose title npm install @types/body-parser@ts3.8 @types/express@ts3.8 @types/request@ts3.8 @types/chai@ts3.8 @types/mocha@ts3.8 @types/supertest@ts3.8
23 verbose argv "install" "--ignore-scripts" "@types/body-parser@ts3.8" "@types/express@ts3.8" "@types/request@ts3.8" "@types/chai@ts3.8" "@types/mocha@ts3.8" "@types/supertest@ts3.8" "--save-dev" "--user-agent" "typesInstaller/3.8.3"
24 timing npm:load:setTitle Completed in 3ms
25 timing config:load:flatten Completed in 4ms
26 timing npm:load:display Completed in 5ms
27 verbose logfile logs-max:10 dir:/home/user221/.npm/_logs
28 verbose logfile /home/user221/.npm/_logs/2022-10-06T19_18_59_036Z-debug-0.log
29 timing npm:load:logFile Completed in 6ms
30 timing npm:load:timers Completed in 0ms
31 timing npm:load:configScope Completed in 0ms
32 timing npm:load Completed in 30ms
33 timing arborist:ctor Completed in 1ms
34 silly logfile start cleaning logs, removing 1 files
35 silly logfile done cleaning log files
36 timing idealTree:init Completed in 25ms
37 timing arborist:ctor Completed in 1ms
38 http fetch GET 200 https://registry.npmjs.org/@types%2fexpress 177ms (cache revalidated)
39 http fetch GET 200 https://registry.npmjs.org/@types%2frequest 181ms (cache revalidated)
40 http fetch GET 200 https://registry.npmjs.org/@types%2fmocha 185ms (cache revalidated)
41 http fetch GET 200 https://registry.npmjs.org/@types%2fbody-parser 278ms (cache revalidated)
42 http fetch GET 200 https://registry.npmjs.org/@types%2fchai 370ms (cache revalidated)
43 http fetch GET 200 https://registry.npmjs.org/@types%2fsupertest 680ms (cache revalidated)
44 timing idealTree:userRequests Completed in 688ms
45 silly idealTree buildDeps
46 silly fetch manifest @types/express@4.17.13
47 silly fetch manifest @types/request@2.48.8
48 silly fetch manifest @types/mocha@9.1.0
49 silly fetch manifest @types/body-parser@1.19.2
50 silly fetch manifest @types/chai@4.3.0
51 silly fetch manifest @types/supertest@2.0.11
52 silly placeDep ROOT @types/body-parser@1.19.2 OK for:  want: 1.19.2
53 silly placeDep ROOT @types/chai@4.3.0 OK for:  want: 4.3.0
54 silly placeDep ROOT @types/express@4.17.13 OK for:  want: 4.17.13
55 silly placeDep ROOT @types/mocha@9.1.0 OK for:  want: 9.1.0
56 silly placeDep ROOT @types/request@2.48.8 OK for:  want: 2.48.8
57 silly placeDep ROOT @types/supertest@2.0.11 OK for:  want: 2.0.11
58 silly fetch manifest @types/connect@*
59 silly fetch manifest @types/node@*
60 silly fetch manifest @types/express-serve-static-core@^4.17.18
61 silly fetch manifest @types/qs@*
62 silly fetch manifest @types/serve-static@*
63 silly fetch manifest @types/caseless@*
64 silly fetch manifest @types/tough-cookie@*
65 silly fetch manifest form-data@^2.5.0
66 silly fetch manifest @types/superagent@*
67 http fetch GET 200 https://registry.npmjs.org/@types%2fconnect 116ms (cache miss)
68 http fetch GET 200 https://registry.npmjs.org/@types%2ftough-cookie 126ms (cache miss)
69 http fetch GET 200 https://registry.npmjs.org/@types%2fcaseless 134ms (cache revalidated)
70 http fetch GET 200 https://registry.npmjs.org/@types%2fqs 152ms (cache miss)
71 http fetch GET 200 https://registry.npmjs.org/@types%2fserve-static 155ms (cache miss)
72 http fetch GET 200 https://registry.npmjs.org/form-data 156ms (cache miss)
73 http fetch GET 200 https://registry.npmjs.org/@types%2fsuperagent 186ms (cache miss)
74 http fetch GET 200 https://registry.npmjs.org/@types%2fexpress-serve-static-core 198ms (cache miss)
75 http fetch GET 200 https://registry.npmjs.org/@types%2fnode 242ms (cache miss)
76 timing idealTree:#root Completed in 286ms
77 silly placeDep ROOT @types/connect@3.4.35 OK for: @types/body-parser@1.19.2 want: *
78 silly placeDep ROOT @types/node@18.8.3 OK for: @types/body-parser@1.19.2 want: *
79 timing idealTree:node_modules/@types/body-parser Completed in 12ms
80 timing idealTree:node_modules/@types/chai Completed in 0ms
81 timing idealTree:node_modules/@types/connect Completed in 0ms
82 silly placeDep ROOT @types/express-serve-static-core@4.17.31 OK for: @types/express@4.17.13 want: ^4.17.18
83 silly placeDep ROOT @types/qs@6.9.7 OK for: @types/express@4.17.13 want: *
84 silly placeDep ROOT @types/serve-static@1.15.0 OK for: @types/express@4.17.13 want: *
85 silly fetch manifest @types/range-parser@*
86 silly fetch manifest @types/mime@*
87 http fetch GET 200 https://registry.npmjs.org/@types%2frange-parser 64ms (cache miss)
88 http fetch GET 200 https://registry.npmjs.org/@types%2fmime 69ms (cache miss)
89 timing idealTree:node_modules/@types/express Completed in 92ms
90 silly placeDep ROOT @types/range-parser@1.2.4 OK for: @types/express-serve-static-core@4.17.31 want: *
91 timing idealTree:node_modules/@types/express-serve-static-core Completed in 6ms
92 timing idealTree:node_modules/@types/mocha Completed in 0ms
93 timing idealTree:node_modules/@types/node Completed in 0ms
94 timing idealTree:node_modules/@types/qs Completed in 0ms
95 timing idealTree:node_modules/@types/range-parser Completed in 0ms
96 silly placeDep ROOT @types/caseless@0.12.2 OK for: @types/request@2.48.8 want: *
97 silly placeDep ROOT @types/tough-cookie@4.0.2 OK for: @types/request@2.48.8 want: *
98 silly placeDep ROOT form-data@2.5.1 OK for: @types/request@2.48.8 want: ^2.5.0
99 silly fetch manifest asynckit@^0.4.0
100 silly fetch manifest combined-stream@^1.0.6
101 silly fetch manifest mime-types@^2.1.12
102 http fetch GET 200 https://registry.npmjs.org/mime-types 45ms (cache miss)
103 http fetch GET 200 https://registry.npmjs.org/asynckit 92ms (cache miss)
104 http fetch GET 200 https://registry.npmjs.org/combined-stream 91ms (cache miss)
105 timing idealTree:node_modules/@types/request Completed in 110ms
106 timing idealTree:node_modules/@types/caseless Completed in 0ms
107 silly placeDep ROOT @types/mime@3.0.1 OK for: @types/serve-static@1.15.0 want: *
108 timing idealTree:node_modules/@types/serve-static Completed in 3ms
109 timing idealTree:node_modules/@types/mime Completed in 0ms
110 silly placeDep ROOT @types/superagent@4.1.15 OK for: @types/supertest@2.0.11 want: *
111 silly fetch manifest @types/cookiejar@*
112 http fetch GET 200 https://registry.npmjs.org/@types%2fcookiejar 88ms (cache revalidated)
113 timing idealTree:node_modules/@types/supertest Completed in 92ms
114 silly placeDep ROOT @types/cookiejar@2.1.2 OK for: @types/superagent@4.1.15 want: *
115 timing idealTree:node_modules/@types/superagent Completed in 2ms
116 timing idealTree:node_modules/@types/cookiejar Completed in 0ms
117 timing idealTree:node_modules/@types/tough-cookie Completed in 0ms
118 silly placeDep ROOT asynckit@0.4.0 OK for: form-data@2.5.1 want: ^0.4.0
119 silly placeDep ROOT combined-stream@1.0.8 OK for: form-data@2.5.1 want: ^1.0.6
120 silly placeDep ROOT mime-types@2.1.35 OK for: form-data@2.5.1 want: ^2.1.12
121 silly fetch manifest delayed-stream@~1.0.0
122 silly fetch manifest mime-db@1.52.0
123 http fetch GET 200 https://registry.npmjs.org/delayed-stream 46ms (cache miss)
124 http fetch GET 200 https://registry.npmjs.org/mime-db 75ms (cache miss)
125 timing idealTree:node_modules/form-data Completed in 89ms
126 timing idealTree:node_modules/asynckit Completed in 0ms
127 silly placeDep ROOT delayed-stream@1.0.0 OK for: combined-stream@1.0.8 want: ~1.0.0
128 timing idealTree:node_modules/combined-stream Completed in 2ms
129 timing idealTree:node_modules/delayed-stream Completed in 0ms
130 silly placeDep ROOT mime-db@1.52.0 OK for: mime-types@2.1.35 want: 1.52.0
131 timing idealTree:node_modules/mime-types Completed in 2ms
132 timing idealTree:node_modules/mime-db Completed in 0ms
133 timing idealTree:buildDeps Completed in 716ms
134 timing idealTree:fixDepFlags Completed in 0ms
135 timing idealTree Completed in 1431ms
136 timing reify:loadTrees Completed in 1431ms
137 timing reify:diffTrees Completed in 1ms
138 silly reify moves {}
139 timing reify:retireShallow Completed in 1ms
140 timing reify:createSparse Completed in 6ms
141 timing reify:loadBundles Completed in 0ms
142 silly audit bulk request {
142 silly audit   '@types/lodash': [ '4.14.186' ],
142 silly audit   '@types/lodash.get': [ '4.4.6' ],
142 silly audit   '@types/nise': [ '1.4.0' ],
142 silly audit   '@types/semver-compare': [ '1.0.1' ],
142 silly audit   '@types/sinon': [ '10.0.11' ],
142 silly audit   '@types/sinonjs__fake-timers': [ '8.1.2' ],
142 silly audit   'types-registry': [ '0.1.612' ],
142 silly audit   '@types/body-parser': [ '1.19.2' ],
142 silly audit   '@types/chai': [ '4.3.0' ],
142 silly audit   '@types/express': [ '4.17.13' ],
142 silly audit   '@types/mocha': [ '9.1.0' ],
142 silly audit   '@types/request': [ '2.48.8' ],
142 silly audit   '@types/supertest': [ '2.0.11' ],
142 silly audit   '@types/connect': [ '3.4.35' ],
142 silly audit   '@types/node': [ '18.8.3' ],
142 silly audit   '@types/express-serve-static-core': [ '4.17.31' ],
142 silly audit   '@types/qs': [ '6.9.7' ],
142 silly audit   '@types/serve-static': [ '1.15.0' ],
142 silly audit   '@types/range-parser': [ '1.2.4' ],
142 silly audit   '@types/caseless': [ '0.12.2' ],
142 silly audit   '@types/tough-cookie': [ '4.0.2' ],
142 silly audit   'form-data': [ '2.5.1' ],
142 silly audit   '@types/mime': [ '3.0.1' ],
142 silly audit   '@types/superagent': [ '4.1.15' ],
142 silly audit   '@types/cookiejar': [ '2.1.2' ],
142 silly audit   asynckit: [ '0.4.0' ],
142 silly audit   'combined-stream': [ '1.0.8' ],
142 silly audit   'mime-types': [ '2.1.35' ],
142 silly audit   'delayed-stream': [ '1.0.0' ],
142 silly audit   'mime-db': [ '1.52.0' ]
142 silly audit }
143 silly tarball no local data for mime-db@https://registry.npmjs.org/mime-db/-/mime-db-1.52.0.tgz. Extracting by manifest.
144 silly tarball no local data for delayed-stream@https://registry.npmjs.org/delayed-stream/-/delayed-stream-1.0.0.tgz. Extracting by manifest.
145 silly tarball no local data for mime-types@https://registry.npmjs.org/mime-types/-/mime-types-2.1.35.tgz. Extracting by manifest.
146 silly tarball no local data for asynckit@https://registry.npmjs.org/asynckit/-/asynckit-0.4.0.tgz. Extracting by manifest.
147 silly tarball no local data for @types/cookiejar@https://registry.npmjs.org/@types/cookiejar/-/cookiejar-2.1.2.tgz. Extracting by manifest.
148 silly tarball no local data for @types/superagent@https://registry.npmjs.org/@types/superagent/-/superagent-4.1.15.tgz. Extracting by manifest.
149 silly tarball no local data for @types/mime@https://registry.npmjs.org/@types/mime/-/mime-3.0.1.tgz. Extracting by manifest.
150 silly tarball no local data for form-data@https://registry.npmjs.org/form-data/-/form-data-2.5.1.tgz. Extracting by manifest.
151 silly tarball no local data for @types/tough-cookie@https://registry.npmjs.org/@types/tough-cookie/-/tough-cookie-4.0.2.tgz. Extracting by manifest.
152 silly tarball no local data for @types/caseless@https://registry.npmjs.org/@types/caseless/-/caseless-0.12.2.tgz. Extracting by manifest.
153 silly tarball no local data for @types/range-parser@https://registry.npmjs.org/@types/range-parser/-/range-parser-1.2.4.tgz. Extracting by manifest.
154 silly tarball no local data for @types/serve-static@https://registry.npmjs.org/@types/serve-static/-/serve-static-1.15.0.tgz. Extracting by manifest.
155 silly tarball no local data for @types/qs@https://registry.npmjs.org/@types/qs/-/qs-6.9.7.tgz. Extracting by manifest.
156 silly tarball no local data for @types/express-serve-static-core@https://registry.npmjs.org/@types/express-serve-static-core/-/express-serve-static-core-4.17.31.tgz. Extracting by manifest.
157 silly tarball no local data for @types/node@https://registry.npmjs.org/@types/node/-/node-18.8.3.tgz. Extracting by manifest.
158 silly tarball no local data for @types/connect@https://registry.npmjs.org/@types/connect/-/connect-3.4.35.tgz. Extracting by manifest.
159 silly tarball no local data for @types/supertest@https://registry.npmjs.org/@types/supertest/-/supertest-2.0.11.tgz. Extracting by manifest.
160 silly tarball no local data for @types/request@https://registry.npmjs.org/@types/request/-/request-2.48.8.tgz. Extracting by manifest.
161 silly tarball no local data for @types/mocha@https://registry.npmjs.org/@types/mocha/-/mocha-9.1.0.tgz. Extracting by manifest.
162 silly tarball no local data for @types/express@https://registry.npmjs.org/@types/express/-/express-4.17.13.tgz. Extracting by manifest.
163 silly tarball no local data for @types/chai@https://registry.npmjs.org/@types/chai/-/chai-4.3.0.tgz. Extracting by manifest.
164 silly tarball no local data for @types/body-parser@https://registry.npmjs.org/@types/body-parser/-/body-parser-1.19.2.tgz. Extracting by manifest.
165 http fetch POST 200 https://registry.npmjs.org/-/npm/v1/security/advisories/bulk 327ms
166 timing auditReport:getReport Completed in 331ms
167 silly audit report {}
168 timing auditReport:init Completed in 0ms
169 timing reify:audit Completed in 332ms
170 timing reifyNode:node_modules/combined-stream Completed in 407ms
171 http fetch GET 200 https://registry.npmjs.org/mime-types/-/mime-types-2.1.35.tgz 468ms (cache miss)
172 timing reifyNode:node_modules/mime-types Completed in 510ms
173 http fetch GET 200 https://registry.npmjs.org/@types/cookiejar/-/cookiejar-2.1.2.tgz 475ms (cache miss)
174 timing reifyNode:node_modules/@types/cookiejar Completed in 514ms
175 http fetch GET 200 https://registry.npmjs.org/@types/caseless/-/caseless-0.12.2.tgz 473ms (cache miss)
176 timing reifyNode:node_modules/@types/caseless Completed in 519ms
177 http fetch GET 200 https://registry.npmjs.org/@types/mime/-/mime-3.0.1.tgz 496ms (cache miss)
178 timing reifyNode:node_modules/@types/mime Completed in 537ms
179 http fetch GET 200 https://registry.npmjs.org/@types/supertest/-/supertest-2.0.11.tgz 479ms (cache miss)
180 timing reifyNode:node_modules/@types/supertest Completed in 542ms
181 http fetch GET 200 https://registry.npmjs.org/@types/superagent/-/superagent-4.1.15.tgz 526ms (cache miss)
182 timing reifyNode:node_modules/@types/superagent Completed in 565ms
183 http fetch GET 200 https://registry.npmjs.org/@types/range-parser/-/range-parser-1.2.4.tgz 520ms (cache miss)
184 timing reifyNode:node_modules/@types/range-parser Completed in 567ms
185 http fetch GET 200 https://registry.npmjs.org/@types/tough-cookie/-/tough-cookie-4.0.2.tgz 540ms (cache miss)
186 timing reifyNode:node_modules/@types/tough-cookie Completed in 585ms
187 http fetch GET 200 https://registry.npmjs.org/@types/qs/-/qs-6.9.7.tgz 533ms (cache miss)
188 timing reifyNode:node_modules/@types/qs Completed in 586ms
189 http fetch GET 200 https://registry.npmjs.org/@types/chai/-/chai-4.3.0.tgz 520ms (cache miss)
190 timing reifyNode:node_modules/@types/chai Completed in 589ms
191 http fetch GET 200 https://registry.npmjs.org/@types/express/-/express-4.17.13.tgz 523ms (cache miss)
192 timing reifyNode:node_modules/@types/express Completed in 589ms
193 http fetch GET 200 https://registry.npmjs.org/@types/serve-static/-/serve-static-1.15.0.tgz 546ms (cache miss)
194 timing reifyNode:node_modules/@types/serve-static Completed in 597ms
195 http fetch GET 200 https://registry.npmjs.org/mime-db/-/mime-db-1.52.0.tgz 566ms (cache miss)
196 http fetch GET 200 https://registry.npmjs.org/@types/request/-/request-2.48.8.tgz 538ms (cache miss)
197 timing reifyNode:node_modules/@types/request Completed in 601ms
198 timing reifyNode:node_modules/mime-db Completed in 604ms
199 http fetch GET 200 https://registry.npmjs.org/@types/connect/-/connect-3.4.35.tgz 544ms (cache miss)
200 timing reifyNode:node_modules/@types/connect Completed in 604ms
201 http fetch GET 200 https://registry.npmjs.org/form-data/-/form-data-2.5.1.tgz 564ms (cache miss)
202 timing reifyNode:node_modules/form-data Completed in 606ms
203 http fetch GET 200 https://registry.npmjs.org/@types/body-parser/-/body-parser-1.19.2.tgz 536ms (cache miss)
204 timing reifyNode:node_modules/@types/body-parser Completed in 607ms
205 http fetch GET 200 https://registry.npmjs.org/@types/express-serve-static-core/-/express-serve-static-core-4.17.31.tgz 560ms (cache miss)
206 timing reifyNode:node_modules/@types/express-serve-static-core Completed in 615ms
207 http fetch GET 200 https://registry.npmjs.org/@types/mocha/-/mocha-9.1.0.tgz 556ms (cache miss)
208 timing reifyNode:node_modules/@types/mocha Completed in 621ms
209 http fetch GET 200 https://registry.npmjs.org/delayed-stream/-/delayed-stream-1.0.0.tgz 593ms (cache miss)
210 timing reifyNode:node_modules/delayed-stream Completed in 627ms
211 http fetch GET 200 https://registry.npmjs.org/asynckit/-/asynckit-0.4.0.tgz 601ms (cache miss)
212 timing reifyNode:node_modules/asynckit Completed in 646ms
213 http fetch GET 200 https://registry.npmjs.org/@types/node/-/node-18.8.3.tgz 845ms (cache miss)
214 timing reifyNode:node_modules/@types/node Completed in 901ms
215 timing reify:unpack Completed in 903ms
216 timing reify:unretire Completed in 0ms
217 timing build:queue Completed in 2ms
218 timing build:deps Completed in 3ms
219 timing build Completed in 3ms
220 timing reify:build Completed in 4ms
221 timing reify:trash Completed in 0ms
222 timing reify:save Completed in 29ms
223 timing reify Completed in 2404ms
224 silly ADD node_modules/mime-db
225 silly ADD node_modules/delayed-stream
226 silly ADD node_modules/mime-types
227 silly ADD node_modules/combined-stream
228 silly ADD node_modules/asynckit
229 silly ADD node_modules/@types/cookiejar
230 silly ADD node_modules/@types/superagent
231 silly ADD node_modules/@types/mime
232 silly ADD node_modules/form-data
233 silly ADD node_modules/@types/tough-cookie
234 silly ADD node_modules/@types/caseless
235 silly ADD node_modules/@types/range-parser
236 silly ADD node_modules/@types/serve-static
237 silly ADD node_modules/@types/qs
238 silly ADD node_modules/@types/express-serve-static-core
239 silly ADD node_modules/@types/node
240 silly ADD node_modules/@types/connect
241 silly ADD node_modules/@types/supertest
242 silly ADD node_modules/@types/request
243 silly ADD node_modules/@types/mocha
244 silly ADD node_modules/@types/express
245 silly ADD node_modules/@types/chai
246 silly ADD node_modules/@types/body-parser
247 timing command:install Completed in 2426ms
248 verbose exit 0
249 timing npm Completed in 2629ms
250 info ok
