0 verbose cli /usr/local/nvm/versions/node/v16.4.0/bin/node /usr/local/nvm/versions/node/v16.4.0/bin/npm
1 info using npm@8.19.2
2 info using node@v16.4.0
3 timing npm:load:whichnode Completed in 6ms
4 timing config:load:defaults Completed in 2ms
5 timing config:load:file:/usr/local/nvm/versions/node/v16.4.0/lib/node_modules/npm/npmrc Completed in 4ms
6 timing config:load:builtin Completed in 4ms
7 timing config:load:cli Completed in 34ms
8 timing config:load:env Completed in 8ms
9 timing config:load:file:/home/user221/.cache/typescript/3.8/.npmrc Completed in 0ms
10 timing config:load:project Completed in 11ms
11 timing config:load:file:/home/user221/.npmrc Completed in 0ms
12 timing config:load:user Completed in 0ms
13 timing config:load:file:/usr/local/nvm/versions/node/v16.4.0/etc/npmrc Completed in 0ms
14 timing config:load:global Completed in 1ms
15 timing config:load:validate Completed in 0ms
16 timing config:load:credentials Completed in 2ms
17 timing config:load:setEnvs Completed in 1ms
18 timing config:load Completed in 64ms
19 timing npm:load:configload Completed in 64ms
20 timing npm:load:mkdirpcache Completed in 20ms
21 timing npm:load:mkdirplogs Completed in 2ms
22 verbose title npm install types-registry@latest
23 verbose argv "install" "--ignore-scripts" "types-registry@latest"
24 timing npm:load:setTitle Completed in 3ms
25 timing config:load:flatten Completed in 20ms
26 timing npm:load:display Completed in 21ms
27 verbose logfile logs-max:10 dir:/home/user221/.npm/_logs
28 verbose logfile /home/user221/.npm/_logs/2022-10-06T19_41_49_632Z-debug-0.log
29 timing npm:load:logFile Completed in 51ms
30 timing npm:load:timers Completed in 0ms
31 timing npm:load:configScope Completed in 0ms
32 timing npm:load Completed in 173ms
33 timing arborist:ctor Completed in 2ms
34 silly logfile start cleaning logs, removing 2 files
35 silly logfile done cleaning log files
36 timing idealTree:init Completed in 360ms
37 timing arborist:ctor Completed in 0ms
38 http fetch GET 200 https://registry.npmjs.org/types-registry 630ms (cache revalidated)
39 timing idealTree:userRequests Completed in 748ms
40 silly idealTree buildDeps
41 silly fetch manifest types-registry@0.1.612
42 silly placeDep ROOT types-registry@0.1.612 REPLACE for:  want: 0.1.612
43 timing idealTree:#root Completed in 81ms
44 timing idealTree:node_modules/types-registry Completed in 0ms
45 timing idealTree:buildDeps Completed in 97ms
46 timing idealTree:fixDepFlags Completed in 2ms
47 timing idealTree Completed in 1243ms
48 timing reify:loadTrees Completed in 1246ms
49 timing reify:diffTrees Completed in 24ms
50 silly reify moves {}
51 timing reify:retireShallow Completed in 13ms
52 timing reify:createSparse Completed in 0ms
53 timing reify:loadBundles Completed in 0ms
54 silly audit bulk request {
54 silly audit   '@types/body-parser': [ '1.19.2' ],
54 silly audit   '@types/caseless': [ '0.12.2' ],
54 silly audit   '@types/chai': [ '4.3.0' ],
54 silly audit   '@types/connect': [ '3.4.35' ],
54 silly audit   '@types/cookiejar': [ '2.1.2' ],
54 silly audit   '@types/express': [ '4.17.13' ],
54 silly audit   '@types/express-serve-static-core': [ '4.17.31' ],
54 silly audit   '@types/lodash': [ '4.14.186' ],
54 silly audit   '@types/lodash.get': [ '4.4.6' ],
54 silly audit   '@types/mime': [ '3.0.1' ],
54 silly audit   '@types/mocha': [ '9.1.0' ],
54 silly audit   '@types/nise': [ '1.4.0' ],
54 silly audit   '@types/node': [ '18.8.3' ],
54 silly audit   '@types/qs': [ '6.9.7' ],
54 silly audit   '@types/range-parser': [ '1.2.4' ],
54 silly audit   '@types/request': [ '2.48.8' ],
54 silly audit   '@types/semver-compare': [ '1.0.1' ],
54 silly audit   '@types/serve-static': [ '1.15.0' ],
54 silly audit   '@types/sinon': [ '10.0.11' ],
54 silly audit   '@types/sinonjs__fake-timers': [ '8.1.2' ],
54 silly audit   '@types/superagent': [ '4.1.15' ],
54 silly audit   '@types/supertest': [ '2.0.11' ],
54 silly audit   '@types/tough-cookie': [ '4.0.2' ],
54 silly audit   asynckit: [ '0.4.0' ],
54 silly audit   'combined-stream': [ '1.0.8' ],
54 silly audit   'delayed-stream': [ '1.0.0' ],
54 silly audit   'form-data': [ '2.5.1' ],
54 silly audit   'mime-db': [ '1.52.0' ],
54 silly audit   'mime-types': [ '2.1.35' ],
54 silly audit   'types-registry': [ '0.1.612' ]
54 silly audit }
55 timing reify:unpack Completed in 1ms
56 timing reify:unretire Completed in 0ms
57 timing build:queue Completed in 0ms
58 timing build:deps Completed in 1ms
59 timing build Completed in 36ms
60 timing reify:build Completed in 37ms
61 timing reify:trash Completed in 0ms
62 timing reify:save Completed in 79ms
63 http fetch POST 200 https://registry.npmjs.org/-/npm/v1/security/advisories/bulk 287ms
64 timing auditReport:getReport Completed in 321ms
65 silly audit report {}
66 timing auditReport:init Completed in 0ms
67 timing reify:audit Completed in 322ms
68 timing reify Completed in 1640ms
69 timing command:install Completed in 1683ms
70 verbose exit 0
71 timing npm Completed in 2549ms
72 info ok
